2025-04-11 16:36:14 error: Server Error: "expiresIn" should be a number of seconds or string representing a timespan
Error: "expiresIn" should be a number of seconds or string representing a timespan
    at C:\Users\MUNEEB AWAN\vehicle_investigation_system\backend\node_modules\jsonwebtoken\sign.js:56:15
    at Array.forEach (<anonymous>)
    at validate (C:\Users\MUNEEB AWAN\vehicle_investigation_system\backend\node_modules\jsonwebtoken\sign.js:47:6)
    at validateOptions (C:\Users\MUNEEB AWAN\vehicle_investigation_system\backend\node_modules\jsonwebtoken\sign.js:62:10)
    at module.exports [as sign] (C:\Users\MUNEEB AWAN\vehicle_investigation_system\backend\node_modules\jsonwebtoken\sign.js:171:5)
    at generateToken (C:\Users\MUNEEB AWAN\vehicle_investigation_system\backend\utils\authUtils.js:6:14)
    at registerUser (C:\Users\MUNEEB AWAN\vehicle_investigation_system\backend\controllers\userController.js:57:21)
    at process.processTicksAndRejections (node:internal/process/task_queues:105:5)
2025-04-11 16:43:24 error: Server Error: user.matchPassword is not a function
TypeError: user.matchPassword is not a function
    at loginUser (C:\Users\MUNEEB AWAN\vehicle_investigation_system\backend\controllers\userController.js:104:29)
    at process.processTicksAndRejections (node:internal/process/task_queues:105:5)
2025-04-11 16:44:15 error: Server Error: user.matchPassword is not a function
TypeError: user.matchPassword is not a function
    at loginUser (C:\Users\MUNEEB AWAN\vehicle_investigation_system\backend\controllers\userController.js:104:29)
    at process.processTicksAndRejections (node:internal/process/task_queues:105:5)
2025-04-11 16:44:45 error: Server Error: user.matchPassword is not a function
TypeError: user.matchPassword is not a function
    at loginUser (C:\Users\MUNEEB AWAN\vehicle_investigation_system\backend\controllers\userController.js:104:29)
    at process.processTicksAndRejections (node:internal/process/task_queues:105:5)
2025-04-12 23:05:36 error: Authentication error: jwt expired
2025-04-14 00:47:09 error: Authentication error: jwt malformed
2025-04-14 13:45:34 error: Cloudinary connection error: getaddrinfo ENOTFOUND api.cloudinary.com
2025-04-14 16:12:44 error: Authentication error: getaddrinfo ENOTFOUND ac-crgpbhf-shard-00-00.rdlhh1c.mongodb.net
2025-04-14 16:12:44 error: Authentication error: getaddrinfo ENOTFOUND ac-crgpbhf-shard-00-00.rdlhh1c.mongodb.net
2025-04-14 16:12:49 error: Authentication error: getaddrinfo ENOTFOUND ac-crgpbhf-shard-00-00.rdlhh1c.mongodb.net
2025-04-14 16:12:49 error: Authentication error: getaddrinfo ENOTFOUND ac-crgpbhf-shard-00-00.rdlhh1c.mongodb.net
2025-04-14 16:13:04 error: Authentication error: getaddrinfo ENOTFOUND ac-crgpbhf-shard-00-00.rdlhh1c.mongodb.net
2025-04-14 16:13:04 error: Authentication error: getaddrinfo ENOTFOUND ac-crgpbhf-shard-00-00.rdlhh1c.mongodb.net
2025-04-14 16:13:14 error: Authentication error: getaddrinfo ENOTFOUND ac-crgpbhf-shard-00-00.rdlhh1c.mongodb.net
2025-04-14 16:13:14 error: Authentication error: getaddrinfo ENOTFOUND ac-crgpbhf-shard-00-00.rdlhh1c.mongodb.net
2025-04-14 16:16:01 error: Authentication error: read ECONNRESET
2025-04-14 16:16:03 error: Authentication error: read ECONNRESET
2025-04-14 16:16:09 error: Authentication error: read ECONNRESET
2025-04-14 16:16:13 error: Authentication error: read ECONNRESET
2025-04-14 16:16:29 error: Authentication error: getaddrinfo ENOTFOUND ac-crgpbhf-shard-00-00.rdlhh1c.mongodb.net
2025-04-14 16:16:34 error: Authentication error: getaddrinfo ENOTFOUND ac-crgpbhf-shard-00-00.rdlhh1c.mongodb.net
2025-04-14 16:16:39 error: Authentication error: getaddrinfo ENOTFOUND ac-crgpbhf-shard-00-00.rdlhh1c.mongodb.net
2025-04-14 16:16:44 error: Authentication error: getaddrinfo ENOTFOUND ac-crgpbhf-shard-00-00.rdlhh1c.mongodb.net
2025-04-14 16:16:49 error: Authentication error: getaddrinfo ENOTFOUND ac-crgpbhf-shard-00-00.rdlhh1c.mongodb.net
2025-04-14 16:16:54 error: Authentication error: getaddrinfo ENOTFOUND ac-crgpbhf-shard-00-00.rdlhh1c.mongodb.net
2025-04-14 16:16:59 error: Authentication error: getaddrinfo ENOTFOUND ac-crgpbhf-shard-00-00.rdlhh1c.mongodb.net
2025-04-14 16:17:04 error: Authentication error: getaddrinfo ENOTFOUND ac-crgpbhf-shard-00-00.rdlhh1c.mongodb.net
2025-04-14 16:17:09 error: Authentication error: getaddrinfo ENOTFOUND ac-crgpbhf-shard-00-00.rdlhh1c.mongodb.net
2025-04-14 16:17:14 error: Authentication error: getaddrinfo ENOTFOUND ac-crgpbhf-shard-00-00.rdlhh1c.mongodb.net
2025-04-14 16:17:19 error: Authentication error: getaddrinfo ENOTFOUND ac-crgpbhf-shard-00-00.rdlhh1c.mongodb.net
2025-04-14 16:17:24 error: Authentication error: getaddrinfo ENOTFOUND ac-crgpbhf-shard-00-00.rdlhh1c.mongodb.net
2025-04-14 16:17:30 error: Authentication error: getaddrinfo ENOTFOUND ac-crgpbhf-shard-00-00.rdlhh1c.mongodb.net
2025-04-14 16:17:35 error: Authentication error: getaddrinfo ENOTFOUND ac-crgpbhf-shard-00-00.rdlhh1c.mongodb.net
2025-04-14 16:17:39 error: Authentication error: getaddrinfo ENOTFOUND ac-crgpbhf-shard-00-00.rdlhh1c.mongodb.net
2025-04-14 16:17:44 error: Authentication error: getaddrinfo ENOTFOUND ac-crgpbhf-shard-00-00.rdlhh1c.mongodb.net
2025-04-14 16:17:49 error: Authentication error: getaddrinfo ENOTFOUND ac-crgpbhf-shard-00-00.rdlhh1c.mongodb.net
2025-04-14 16:17:54 error: Authentication error: getaddrinfo ENOTFOUND ac-crgpbhf-shard-00-00.rdlhh1c.mongodb.net
2025-04-14 16:18:00 error: Authentication error: getaddrinfo ENOTFOUND ac-crgpbhf-shard-00-00.rdlhh1c.mongodb.net
2025-04-14 16:18:05 error: Authentication error: getaddrinfo ENOTFOUND ac-crgpbhf-shard-00-00.rdlhh1c.mongodb.net
2025-04-14 16:18:09 error: Authentication error: getaddrinfo ENOTFOUND ac-crgpbhf-shard-00-00.rdlhh1c.mongodb.net
2025-04-14 16:18:14 error: Authentication error: getaddrinfo ENOTFOUND ac-crgpbhf-shard-00-00.rdlhh1c.mongodb.net
2025-04-14 16:18:19 error: Authentication error: getaddrinfo ENOTFOUND ac-crgpbhf-shard-00-00.rdlhh1c.mongodb.net
2025-04-14 16:18:24 error: Authentication error: getaddrinfo ENOTFOUND ac-crgpbhf-shard-00-00.rdlhh1c.mongodb.net
2025-04-14 16:18:30 error: Authentication error: getaddrinfo ENOTFOUND ac-crgpbhf-shard-00-00.rdlhh1c.mongodb.net
2025-04-14 16:18:36 error: Authentication error: getaddrinfo ENOTFOUND ac-crgpbhf-shard-00-00.rdlhh1c.mongodb.net
2025-04-14 16:18:39 error: Authentication error: getaddrinfo ENOTFOUND ac-crgpbhf-shard-00-00.rdlhh1c.mongodb.net
2025-04-14 16:18:44 error: Authentication error: getaddrinfo ENOTFOUND ac-crgpbhf-shard-00-00.rdlhh1c.mongodb.net
2025-04-14 16:18:49 error: Authentication error: getaddrinfo ENOTFOUND ac-crgpbhf-shard-00-00.rdlhh1c.mongodb.net
2025-04-14 16:18:54 error: Authentication error: getaddrinfo ENOTFOUND ac-crgpbhf-shard-00-00.rdlhh1c.mongodb.net
2025-04-14 16:19:00 error: Authentication error: getaddrinfo ENOTFOUND ac-crgpbhf-shard-00-00.rdlhh1c.mongodb.net
2025-04-14 16:19:06 error: Authentication error: getaddrinfo ENOTFOUND ac-crgpbhf-shard-00-00.rdlhh1c.mongodb.net
2025-04-14 16:19:09 error: Authentication error: getaddrinfo ENOTFOUND ac-crgpbhf-shard-00-00.rdlhh1c.mongodb.net
2025-04-14 16:19:14 error: Authentication error: getaddrinfo ENOTFOUND ac-crgpbhf-shard-00-00.rdlhh1c.mongodb.net
2025-04-14 16:19:21 error: Authentication error: getaddrinfo ENOTFOUND ac-crgpbhf-shard-00-00.rdlhh1c.mongodb.net
2025-04-14 16:19:24 error: Authentication error: getaddrinfo ENOTFOUND ac-crgpbhf-shard-00-00.rdlhh1c.mongodb.net
2025-04-14 16:19:31 error: Authentication error: getaddrinfo ENOTFOUND ac-crgpbhf-shard-00-00.rdlhh1c.mongodb.net
2025-04-14 16:19:36 error: Authentication error: getaddrinfo ENOTFOUND ac-crgpbhf-shard-00-00.rdlhh1c.mongodb.net
2025-04-14 16:19:39 error: Authentication error: getaddrinfo ENOTFOUND ac-crgpbhf-shard-00-00.rdlhh1c.mongodb.net
2025-04-14 16:19:44 error: Authentication error: getaddrinfo ENOTFOUND ac-crgpbhf-shard-00-00.rdlhh1c.mongodb.net
2025-04-14 16:19:51 error: Authentication error: getaddrinfo ENOTFOUND ac-crgpbhf-shard-00-00.rdlhh1c.mongodb.net
2025-04-14 16:19:54 error: Authentication error: getaddrinfo ENOTFOUND ac-crgpbhf-shard-00-00.rdlhh1c.mongodb.net
2025-04-14 16:20:01 error: Authentication error: getaddrinfo ENOTFOUND ac-crgpbhf-shard-00-00.rdlhh1c.mongodb.net
2025-04-14 16:20:06 error: Authentication error: getaddrinfo ENOTFOUND ac-crgpbhf-shard-00-00.rdlhh1c.mongodb.net
2025-04-14 16:20:09 error: Authentication error: getaddrinfo ENOTFOUND ac-crgpbhf-shard-00-00.rdlhh1c.mongodb.net
2025-04-14 16:23:19 error: Authentication error: getaddrinfo ENOTFOUND ac-crgpbhf-shard-00-00.rdlhh1c.mongodb.net
2025-04-14 23:46:06 error: Error creating audit log: Audit validation failed: resourceId: Cast to ObjectId failed for value "vehicle_documents/Invoice_1744654562538" (type string) at path "resourceId" because of "BSONError"
2025-04-14 23:52:17 error: Error creating audit log: Audit validation failed: resourceId: Cast to ObjectId failed for value "vehicle_documents/Other_1744654931773" (type string) at path "resourceId" because of "BSONError"
2025-04-15 14:44:09 error: Error creating audit log: Audit validation failed: resourceType: `chat` is not a valid enum value for path `resourceType`.
2025-04-15 14:44:09 error: Error creating audit log: Audit validation failed: resourceType: `chat` is not a valid enum value for path `resourceType`.
2025-04-15 14:44:09 error: Error creating audit log: Audit validation failed: resourceType: `chat` is not a valid enum value for path `resourceType`.
2025-04-15 14:44:09 error: Error creating audit log: Audit validation failed: resourceType: `chat` is not a valid enum value for path `resourceType`.
2025-04-15 14:44:09 error: Error creating audit log: Audit validation failed: resourceType: `chat` is not a valid enum value for path `resourceType`.
2025-04-15 14:44:09 error: Error creating audit log: Audit validation failed: resourceType: `chat` is not a valid enum value for path `resourceType`.
2025-04-15 14:44:37 error: Error creating audit log: Audit validation failed: resourceType: `chat` is not a valid enum value for path `resourceType`.
2025-04-15 14:44:39 error: Error creating audit log: Audit validation failed: resourceType: `chat` is not a valid enum value for path `resourceType`.
2025-04-15 14:44:39 error: Error creating audit log: Audit validation failed: resourceType: `chat` is not a valid enum value for path `resourceType`.
2025-04-15 14:44:40 error: Error creating audit log: Audit validation failed: resourceType: `chat` is not a valid enum value for path `resourceType`.
2025-04-15 14:44:41 error: Error creating audit log: Audit validation failed: resourceType: `chat` is not a valid enum value for path `resourceType`.
2025-04-15 14:44:42 error: Error creating audit log: Audit validation failed: resourceType: `chat` is not a valid enum value for path `resourceType`.
2025-04-15 14:44:56 error: Error creating audit log: Audit validation failed: resourceType: `chat` is not a valid enum value for path `resourceType`.
2025-04-15 14:45:08 error: Error creating audit log: Audit validation failed: resourceType: `chat` is not a valid enum value for path `resourceType`.
2025-04-15 14:45:10 error: Error creating audit log: Audit validation failed: resourceType: `chat` is not a valid enum value for path `resourceType`.
2025-04-15 14:45:12 error: Error creating audit log: Audit validation failed: resourceType: `chat` is not a valid enum value for path `resourceType`.
2025-04-15 14:45:20 error: Error creating audit log: Audit validation failed: resourceType: `chat` is not a valid enum value for path `resourceType`.
2025-04-15 14:45:21 error: Error creating audit log: Audit validation failed: resourceType: `chat` is not a valid enum value for path `resourceType`.
2025-04-15 14:45:21 error: Error creating audit log: Audit validation failed: resourceType: `chat` is not a valid enum value for path `resourceType`.
2025-04-15 14:45:22 error: Error creating audit log: Audit validation failed: resourceType: `chat` is not a valid enum value for path `resourceType`.
2025-04-15 14:45:27 error: Error creating audit log: Audit validation failed: resourceType: `chat` is not a valid enum value for path `resourceType`.
2025-04-15 14:45:29 error: Error creating audit log: Audit validation failed: resourceType: `chat` is not a valid enum value for path `resourceType`.
2025-04-15 14:45:50 error: Error creating audit log: Audit validation failed: resourceType: `chat` is not a valid enum value for path `resourceType`.
2025-04-15 14:45:52 error: Error creating audit log: Audit validation failed: resourceType: `chat` is not a valid enum value for path `resourceType`.
2025-04-15 14:46:05 error: Error creating audit log: Audit validation failed: resourceType: `chat` is not a valid enum value for path `resourceType`.
2025-04-15 14:46:07 error: Error creating audit log: Audit validation failed: resourceType: `chat` is not a valid enum value for path `resourceType`.
2025-04-15 14:46:08 error: Error creating audit log: Audit validation failed: resourceType: `chat` is not a valid enum value for path `resourceType`.
2025-04-15 14:46:08 error: Error creating audit log: Audit validation failed: resourceType: `chat` is not a valid enum value for path `resourceType`.
2025-04-15 14:46:09 error: Error creating audit log: Audit validation failed: resourceType: `chat` is not a valid enum value for path `resourceType`.
2025-04-15 14:46:11 error: Error creating audit log: Audit validation failed: resourceType: `chat` is not a valid enum value for path `resourceType`.
2025-04-15 14:46:21 error: Error creating audit log: Audit validation failed: resourceType: `chat` is not a valid enum value for path `resourceType`.
2025-04-15 14:46:23 error: Error creating audit log: Audit validation failed: resourceType: `chat` is not a valid enum value for path `resourceType`.
2025-04-15 14:46:50 error: Error creating audit log: Audit validation failed: resourceType: `chat` is not a valid enum value for path `resourceType`.
2025-04-15 14:46:51 error: Error creating audit log: Audit validation failed: resourceType: `chat` is not a valid enum value for path `resourceType`.
2025-04-15 14:47:21 error: Error creating audit log: Audit validation failed: resourceType: `chat` is not a valid enum value for path `resourceType`.
2025-04-15 14:47:23 error: Error creating audit log: Audit validation failed: resourceType: `chat` is not a valid enum value for path `resourceType`.
2025-04-15 14:47:50 error: Error creating audit log: Audit validation failed: resourceType: `chat` is not a valid enum value for path `resourceType`.
2025-04-15 14:47:51 error: Error creating audit log: Audit validation failed: resourceType: `chat` is not a valid enum value for path `resourceType`.
2025-04-15 14:48:21 error: Error creating audit log: Audit validation failed: resourceType: `chat` is not a valid enum value for path `resourceType`.
2025-04-15 14:48:23 error: Error creating audit log: Audit validation failed: resourceType: `chat` is not a valid enum value for path `resourceType`.
2025-04-15 14:48:50 error: Error creating audit log: Audit validation failed: resourceType: `chat` is not a valid enum value for path `resourceType`.
2025-04-15 14:48:51 error: Error creating audit log: Audit validation failed: resourceType: `chat` is not a valid enum value for path `resourceType`.
2025-04-15 14:49:21 error: Error creating audit log: Audit validation failed: resourceType: `chat` is not a valid enum value for path `resourceType`.
2025-04-15 14:49:22 error: Error creating audit log: Audit validation failed: resourceType: `chat` is not a valid enum value for path `resourceType`.
2025-04-15 14:49:49 error: Error creating audit log: Audit validation failed: resourceType: `chat` is not a valid enum value for path `resourceType`.
2025-04-15 14:49:50 error: Error creating audit log: Audit validation failed: resourceType: `chat` is not a valid enum value for path `resourceType`.
2025-04-15 14:50:19 error: Error creating audit log: Audit validation failed: resourceType: `chat` is not a valid enum value for path `resourceType`.
2025-04-15 14:50:20 error: Error creating audit log: Audit validation failed: resourceType: `chat` is not a valid enum value for path `resourceType`.
2025-04-15 14:50:49 error: Error creating audit log: Audit validation failed: resourceType: `chat` is not a valid enum value for path `resourceType`.
2025-04-15 14:50:50 error: Error creating audit log: Audit validation failed: resourceType: `chat` is not a valid enum value for path `resourceType`.
2025-04-15 14:51:20 error: Error creating audit log: Audit validation failed: resourceType: `chat` is not a valid enum value for path `resourceType`.
2025-04-15 14:51:20 error: Error creating audit log: Audit validation failed: resourceType: `chat` is not a valid enum value for path `resourceType`.
2025-04-15 14:51:50 error: Error creating audit log: Audit validation failed: resourceType: `chat` is not a valid enum value for path `resourceType`.
2025-04-15 14:51:50 error: Error creating audit log: Audit validation failed: resourceType: `chat` is not a valid enum value for path `resourceType`.
2025-04-15 14:52:20 error: Error creating audit log: Audit validation failed: resourceType: `chat` is not a valid enum value for path `resourceType`.
2025-04-15 14:52:20 error: Error creating audit log: Audit validation failed: resourceType: `chat` is not a valid enum value for path `resourceType`.
2025-04-15 14:59:19 error: Error creating audit log: Audit validation failed: resourceType: `chat` is not a valid enum value for path `resourceType`.
2025-04-15 14:59:20 error: Error creating audit log: Audit validation failed: resourceType: `chat` is not a valid enum value for path `resourceType`.
2025-04-15 14:59:49 error: Error creating audit log: Audit validation failed: resourceType: `chat` is not a valid enum value for path `resourceType`.
2025-04-15 14:59:50 error: Error creating audit log: Audit validation failed: resourceType: `chat` is not a valid enum value for path `resourceType`.
2025-04-15 15:00:20 error: Error creating audit log: Audit validation failed: resourceType: `chat` is not a valid enum value for path `resourceType`.
2025-04-15 15:00:20 error: Error creating audit log: Audit validation failed: resourceType: `chat` is not a valid enum value for path `resourceType`.
2025-04-15 15:00:50 error: Error creating audit log: Audit validation failed: resourceType: `chat` is not a valid enum value for path `resourceType`.
2025-04-15 15:00:50 error: Error creating audit log: Audit validation failed: resourceType: `chat` is not a valid enum value for path `resourceType`.
2025-04-15 15:01:51 error: Error creating audit log: Audit validation failed: resourceType: `chat` is not a valid enum value for path `resourceType`.
2025-04-15 15:01:51 error: Error creating audit log: Audit validation failed: resourceType: `chat` is not a valid enum value for path `resourceType`.
2025-04-15 15:02:52 error: Error creating audit log: Audit validation failed: resourceType: `chat` is not a valid enum value for path `resourceType`.
2025-04-15 15:02:52 error: Error creating audit log: Audit validation failed: resourceType: `chat` is not a valid enum value for path `resourceType`.
2025-04-15 15:03:53 error: Error creating audit log: Audit validation failed: resourceType: `chat` is not a valid enum value for path `resourceType`.
2025-04-15 15:03:53 error: Error creating audit log: Audit validation failed: resourceType: `chat` is not a valid enum value for path `resourceType`.
2025-04-15 15:04:54 error: Error creating audit log: Audit validation failed: resourceType: `chat` is not a valid enum value for path `resourceType`.
2025-04-15 15:04:54 error: Error creating audit log: Audit validation failed: resourceType: `chat` is not a valid enum value for path `resourceType`.
2025-04-15 15:05:55 error: Error creating audit log: Audit validation failed: resourceType: `chat` is not a valid enum value for path `resourceType`.
2025-04-15 15:05:55 error: Error creating audit log: Audit validation failed: resourceType: `chat` is not a valid enum value for path `resourceType`.
2025-04-15 15:06:56 error: Error creating audit log: Audit validation failed: resourceType: `chat` is not a valid enum value for path `resourceType`.
2025-04-15 15:06:56 error: Error creating audit log: Audit validation failed: resourceType: `chat` is not a valid enum value for path `resourceType`.
2025-04-15 15:07:57 error: Error creating audit log: Audit validation failed: resourceType: `chat` is not a valid enum value for path `resourceType`.
2025-04-15 15:07:57 error: Error creating audit log: Audit validation failed: resourceType: `chat` is not a valid enum value for path `resourceType`.
2025-04-15 15:17:51 error: Error creating audit log: Audit validation failed: resourceType: `chat` is not a valid enum value for path `resourceType`.
2025-04-15 15:17:51 error: Error creating audit log: Audit validation failed: resourceType: `chat` is not a valid enum value for path `resourceType`.
2025-04-15 15:18:52 error: Error creating audit log: Audit validation failed: resourceType: `chat` is not a valid enum value for path `resourceType`.
2025-04-15 15:18:52 error: Error creating audit log: Audit validation failed: resourceType: `chat` is not a valid enum value for path `resourceType`.
2025-04-15 15:19:53 error: Error creating audit log: Audit validation failed: resourceType: `chat` is not a valid enum value for path `resourceType`.
2025-04-15 15:19:53 error: Error creating audit log: Audit validation failed: resourceType: `chat` is not a valid enum value for path `resourceType`.
2025-04-15 15:20:33 error: Error creating audit log: Audit validation failed: resourceType: `chat` is not a valid enum value for path `resourceType`.
2025-04-15 15:20:33 error: Error creating audit log: Audit validation failed: resourceType: `chat` is not a valid enum value for path `resourceType`.
2025-04-15 15:20:50 error: Error creating audit log: Audit validation failed: resourceType: `chat` is not a valid enum value for path `resourceType`.
2025-04-15 15:20:50 error: Error creating audit log: Audit validation failed: resourceType: `chat` is not a valid enum value for path `resourceType`.
2025-04-15 15:20:56 error: Error creating audit log: Audit validation failed: resourceType: `chat` is not a valid enum value for path `resourceType`.
2025-04-15 15:20:57 error: Error creating audit log: Audit validation failed: resourceType: `chat` is not a valid enum value for path `resourceType`.
2025-04-15 15:20:57 error: Error creating audit log: Audit validation failed: resourceType: `chat` is not a valid enum value for path `resourceType`.
2025-04-15 15:20:58 error: Error creating audit log: Audit validation failed: resourceType: `chat` is not a valid enum value for path `resourceType`.
2025-04-15 15:21:00 error: Error creating audit log: Audit validation failed: resourceType: `chat` is not a valid enum value for path `resourceType`.
2025-04-15 15:21:01 error: Error creating audit log: Audit validation failed: resourceType: `chat` is not a valid enum value for path `resourceType`.
2025-04-15 15:21:27 error: Error creating audit log: Audit validation failed: resourceType: `chat` is not a valid enum value for path `resourceType`.
2025-04-15 15:21:28 error: Error creating audit log: Audit validation failed: resourceType: `chat` is not a valid enum value for path `resourceType`.
2025-04-15 15:21:58 error: Error creating audit log: Audit validation failed: resourceType: `chat` is not a valid enum value for path `resourceType`.
2025-04-15 15:21:58 error: Error creating audit log: Audit validation failed: resourceType: `chat` is not a valid enum value for path `resourceType`.
2025-04-15 15:22:22 error: Error creating audit log: Audit validation failed: resourceType: `chat` is not a valid enum value for path `resourceType`.
2025-04-15 15:22:23 error: Error creating audit log: Audit validation failed: resourceType: `chat` is not a valid enum value for path `resourceType`.
2025-04-15 15:22:54 error: Error creating audit log: Audit validation failed: resourceType: `chat` is not a valid enum value for path `resourceType`.
2025-04-15 15:22:54 error: Error creating audit log: Audit validation failed: resourceType: `chat` is not a valid enum value for path `resourceType`.
2025-04-15 15:23:23 error: Error creating audit log: Audit validation failed: resourceType: `chat` is not a valid enum value for path `resourceType`.
2025-04-15 15:23:23 error: Error creating audit log: Audit validation failed: resourceType: `chat` is not a valid enum value for path `resourceType`.
2025-04-15 15:23:52 error: Error creating audit log: Audit validation failed: resourceType: `chat` is not a valid enum value for path `resourceType`.
2025-04-15 15:23:52 error: Error creating audit log: Audit validation failed: resourceType: `chat` is not a valid enum value for path `resourceType`.
2025-04-15 15:24:22 error: Error creating audit log: Audit validation failed: resourceType: `chat` is not a valid enum value for path `resourceType`.
2025-04-15 15:24:22 error: Error creating audit log: Audit validation failed: resourceType: `chat` is not a valid enum value for path `resourceType`.
2025-04-15 15:24:54 error: Error creating audit log: Audit validation failed: resourceType: `chat` is not a valid enum value for path `resourceType`.
2025-04-15 15:24:54 error: Error creating audit log: Audit validation failed: resourceType: `chat` is not a valid enum value for path `resourceType`.
2025-04-15 15:25:23 error: Error creating audit log: Audit validation failed: resourceType: `chat` is not a valid enum value for path `resourceType`.
2025-04-15 15:25:23 error: Error creating audit log: Audit validation failed: resourceType: `chat` is not a valid enum value for path `resourceType`.
2025-04-15 15:25:53 error: Error creating audit log: Audit validation failed: resourceType: `chat` is not a valid enum value for path `resourceType`.
2025-04-15 15:25:53 error: Error creating audit log: Audit validation failed: resourceType: `chat` is not a valid enum value for path `resourceType`.
2025-04-15 15:26:22 error: Error creating audit log: Audit validation failed: resourceType: `chat` is not a valid enum value for path `resourceType`.
2025-04-15 15:26:22 error: Error creating audit log: Audit validation failed: resourceType: `chat` is not a valid enum value for path `resourceType`.
2025-04-15 15:26:53 error: Error creating audit log: Audit validation failed: resourceType: `chat` is not a valid enum value for path `resourceType`.
2025-04-15 15:26:53 error: Error creating audit log: Audit validation failed: resourceType: `chat` is not a valid enum value for path `resourceType`.
2025-04-15 15:27:23 error: Error creating audit log: Audit validation failed: resourceType: `chat` is not a valid enum value for path `resourceType`.
2025-04-15 15:27:23 error: Error creating audit log: Audit validation failed: resourceType: `chat` is not a valid enum value for path `resourceType`.
2025-04-15 15:28:09 error: Error creating audit log: Audit validation failed: resourceType: `chat` is not a valid enum value for path `resourceType`.
2025-04-15 15:28:09 error: Error creating audit log: Audit validation failed: resourceType: `chat` is not a valid enum value for path `resourceType`.
2025-04-15 23:15:12 error: Error creating audit log: Audit validation failed: resourceType: `message` is not a valid enum value for path `resourceType`.
2025-04-16 00:47:28 error: Error assigning incident: Cannot read properties of undefined (reading 'push')
2025-04-16 00:47:56 error: Error assigning incident: Cannot read properties of undefined (reading 'push')
2025-04-16 00:48:13 error: Error assigning incident: Cannot read properties of undefined (reading 'push')
2025-04-16 00:53:35 error: Error assigning incident: Incident validation failed: type: Incident type is required, time: Incident time is required, incidentNumber: Path `incidentNumber` is required.
2025-04-16 00:53:40 error: Error getting incidents: Cannot populate path `vehicle` because it is not in your schema. Set the `strictPopulate` option to false to override.
2025-04-16 00:53:40 error: Error getting incidents: Cannot populate path `vehicle` because it is not in your schema. Set the `strictPopulate` option to false to override.
2025-04-16 00:53:51 error: Error getting incidents: Cannot populate path `vehicle` because it is not in your schema. Set the `strictPopulate` option to false to override.
2025-04-16 00:53:51 error: Error getting incidents: Cannot populate path `vehicle` because it is not in your schema. Set the `strictPopulate` option to false to override.
2025-04-16 00:54:24 error: Error getting incidents: Cannot populate path `vehicle` because it is not in your schema. Set the `strictPopulate` option to false to override.
2025-04-16 00:54:24 error: Error getting incidents: Cannot populate path `vehicle` because it is not in your schema. Set the `strictPopulate` option to false to override.
2025-04-16 00:54:50 error: Error getting incidents: Cannot populate path `vehicle` because it is not in your schema. Set the `strictPopulate` option to false to override.
2025-04-16 00:54:50 error: Error getting incidents: Cannot populate path `vehicle` because it is not in your schema. Set the `strictPopulate` option to false to override.
2025-04-16 00:54:59 error: Error getting incidents: Cannot populate path `vehicle` because it is not in your schema. Set the `strictPopulate` option to false to override.
2025-04-16 00:54:59 error: Error getting incidents: Cannot populate path `vehicle` because it is not in your schema. Set the `strictPopulate` option to false to override.
2025-04-16 00:55:00 error: Error getting incidents: Cannot populate path `vehicle` because it is not in your schema. Set the `strictPopulate` option to false to override.
2025-04-16 00:55:00 error: Error getting incidents: Cannot populate path `vehicle` because it is not in your schema. Set the `strictPopulate` option to false to override.
2025-04-16 00:55:07 error: Error getting incidents: Cannot populate path `vehicle` because it is not in your schema. Set the `strictPopulate` option to false to override.
2025-04-16 00:55:07 error: Error getting incidents: Cannot populate path `vehicle` because it is not in your schema. Set the `strictPopulate` option to false to override.
2025-04-16 00:58:40 error: Error getting incidents: Cannot populate path `vehicle` because it is not in your schema. Set the `strictPopulate` option to false to override.
2025-04-16 00:58:40 error: Error getting incidents: Cannot populate path `vehicle` because it is not in your schema. Set the `strictPopulate` option to false to override.
2025-04-16 00:58:43 error: Error getting incidents: Cannot populate path `vehicle` because it is not in your schema. Set the `strictPopulate` option to false to override.
2025-04-16 00:58:43 error: Error getting incidents: Cannot populate path `vehicle` because it is not in your schema. Set the `strictPopulate` option to false to override.
2025-04-16 01:02:22 error: Error assigning incident: Incident validation failed: type: Incident type is required, time: Incident time is required, incidentNumber: Path `incidentNumber` is required.
2025-04-16 01:02:59 error: Error assigning incident: Incident validation failed: type: Incident type is required, time: Incident time is required, incidentNumber: Path `incidentNumber` is required.
2025-04-16 20:01:58 error: Error submitting investigation report: Assignment to constant variable.
2025-04-16 20:02:06 error: Error submitting investigation report: Assignment to constant variable.
2025-04-16 20:02:11 error: Error submitting investigation report: Assignment to constant variable.
2025-04-16 20:02:15 error: Error submitting investigation report: Assignment to constant variable.
2025-04-16 20:02:20 error: Error submitting investigation report: Assignment to constant variable.
2025-04-16 20:08:07 error: Server Error: Cast to ObjectId failed for value "officers" (type string) at path "_id" for model "User"
CastError: Cast to ObjectId failed for value "officers" (type string) at path "_id" for model "User"
    at SchemaObjectId.cast (C:\Users\MUNEEB AWAN\vehicle_investigation_system\backend\node_modules\mongoose\lib\schema\objectId.js:251:11)
    at SchemaType.applySetters (C:\Users\MUNEEB AWAN\vehicle_investigation_system\backend\node_modules\mongoose\lib\schemaType.js:1255:12)
    at SchemaType.castForQuery (C:\Users\MUNEEB AWAN\vehicle_investigation_system\backend\node_modules\mongoose\lib\schemaType.js:1673:17)
    at cast (C:\Users\MUNEEB AWAN\vehicle_investigation_system\backend\node_modules\mongoose\lib\cast.js:390:32)
    at Query.cast (C:\Users\MUNEEB AWAN\vehicle_investigation_system\backend\node_modules\mongoose\lib\query.js:4907:12)
    at Query._castConditions (C:\Users\MUNEEB AWAN\vehicle_investigation_system\backend\node_modules\mongoose\lib\query.js:2325:10)
    at model.Query._findOne (C:\Users\MUNEEB AWAN\vehicle_investigation_system\backend\node_modules\mongoose\lib\query.js:2648:8)
    at model.Query.exec (C:\Users\MUNEEB AWAN\vehicle_investigation_system\backend\node_modules\mongoose\lib\query.js:4456:80)
    at process.processTicksAndRejections (node:internal/process/task_queues:105:5)
    at async getUserById (C:\Users\MUNEEB AWAN\vehicle_investigation_system\backend\controllers\userController.js:316:18)
2025-04-16 20:08:53 error: Server Error: Cast to ObjectId failed for value "officers" (type string) at path "_id" for model "User"
CastError: Cast to ObjectId failed for value "officers" (type string) at path "_id" for model "User"
    at SchemaObjectId.cast (C:\Users\MUNEEB AWAN\vehicle_investigation_system\backend\node_modules\mongoose\lib\schema\objectId.js:251:11)
    at SchemaType.applySetters (C:\Users\MUNEEB AWAN\vehicle_investigation_system\backend\node_modules\mongoose\lib\schemaType.js:1255:12)
    at SchemaType.castForQuery (C:\Users\MUNEEB AWAN\vehicle_investigation_system\backend\node_modules\mongoose\lib\schemaType.js:1673:17)
    at cast (C:\Users\MUNEEB AWAN\vehicle_investigation_system\backend\node_modules\mongoose\lib\cast.js:390:32)
    at Query.cast (C:\Users\MUNEEB AWAN\vehicle_investigation_system\backend\node_modules\mongoose\lib\query.js:4907:12)
    at Query._castConditions (C:\Users\MUNEEB AWAN\vehicle_investigation_system\backend\node_modules\mongoose\lib\query.js:2325:10)
    at model.Query._findOne (C:\Users\MUNEEB AWAN\vehicle_investigation_system\backend\node_modules\mongoose\lib\query.js:2648:8)
    at model.Query.exec (C:\Users\MUNEEB AWAN\vehicle_investigation_system\backend\node_modules\mongoose\lib\query.js:4456:80)
    at process.processTicksAndRejections (node:internal/process/task_queues:105:5)
    at async getUserById (C:\Users\MUNEEB AWAN\vehicle_investigation_system\backend\controllers\userController.js:316:18)
2025-04-16 20:08:53 error: Server Error: Cast to ObjectId failed for value "officers" (type string) at path "_id" for model "User"
CastError: Cast to ObjectId failed for value "officers" (type string) at path "_id" for model "User"
    at SchemaObjectId.cast (C:\Users\MUNEEB AWAN\vehicle_investigation_system\backend\node_modules\mongoose\lib\schema\objectId.js:251:11)
    at SchemaType.applySetters (C:\Users\MUNEEB AWAN\vehicle_investigation_system\backend\node_modules\mongoose\lib\schemaType.js:1255:12)
    at SchemaType.castForQuery (C:\Users\MUNEEB AWAN\vehicle_investigation_system\backend\node_modules\mongoose\lib\schemaType.js:1673:17)
    at cast (C:\Users\MUNEEB AWAN\vehicle_investigation_system\backend\node_modules\mongoose\lib\cast.js:390:32)
    at Query.cast (C:\Users\MUNEEB AWAN\vehicle_investigation_system\backend\node_modules\mongoose\lib\query.js:4907:12)
    at Query._castConditions (C:\Users\MUNEEB AWAN\vehicle_investigation_system\backend\node_modules\mongoose\lib\query.js:2325:10)
    at model.Query._findOne (C:\Users\MUNEEB AWAN\vehicle_investigation_system\backend\node_modules\mongoose\lib\query.js:2648:8)
    at model.Query.exec (C:\Users\MUNEEB AWAN\vehicle_investigation_system\backend\node_modules\mongoose\lib\query.js:4456:80)
    at process.processTicksAndRejections (node:internal/process/task_queues:105:5)
    at async getUserById (C:\Users\MUNEEB AWAN\vehicle_investigation_system\backend\controllers\userController.js:316:18)
2025-04-16 20:12:37 error: Server Error: Cast to ObjectId failed for value "officers" (type string) at path "_id" for model "User"
CastError: Cast to ObjectId failed for value "officers" (type string) at path "_id" for model "User"
    at SchemaObjectId.cast (C:\Users\MUNEEB AWAN\vehicle_investigation_system\backend\node_modules\mongoose\lib\schema\objectId.js:251:11)
    at SchemaType.applySetters (C:\Users\MUNEEB AWAN\vehicle_investigation_system\backend\node_modules\mongoose\lib\schemaType.js:1255:12)
    at SchemaType.castForQuery (C:\Users\MUNEEB AWAN\vehicle_investigation_system\backend\node_modules\mongoose\lib\schemaType.js:1673:17)
    at cast (C:\Users\MUNEEB AWAN\vehicle_investigation_system\backend\node_modules\mongoose\lib\cast.js:390:32)
    at Query.cast (C:\Users\MUNEEB AWAN\vehicle_investigation_system\backend\node_modules\mongoose\lib\query.js:4907:12)
    at Query._castConditions (C:\Users\MUNEEB AWAN\vehicle_investigation_system\backend\node_modules\mongoose\lib\query.js:2325:10)
    at model.Query._findOne (C:\Users\MUNEEB AWAN\vehicle_investigation_system\backend\node_modules\mongoose\lib\query.js:2648:8)
    at model.Query.exec (C:\Users\MUNEEB AWAN\vehicle_investigation_system\backend\node_modules\mongoose\lib\query.js:4456:80)
    at process.processTicksAndRejections (node:internal/process/task_queues:105:5)
    at async getUserById (C:\Users\MUNEEB AWAN\vehicle_investigation_system\backend\controllers\userController.js:316:18)
2025-04-16 20:12:37 error: Server Error: Cast to ObjectId failed for value "officers" (type string) at path "_id" for model "User"
CastError: Cast to ObjectId failed for value "officers" (type string) at path "_id" for model "User"
    at SchemaObjectId.cast (C:\Users\MUNEEB AWAN\vehicle_investigation_system\backend\node_modules\mongoose\lib\schema\objectId.js:251:11)
    at SchemaType.applySetters (C:\Users\MUNEEB AWAN\vehicle_investigation_system\backend\node_modules\mongoose\lib\schemaType.js:1255:12)
    at SchemaType.castForQuery (C:\Users\MUNEEB AWAN\vehicle_investigation_system\backend\node_modules\mongoose\lib\schemaType.js:1673:17)
    at cast (C:\Users\MUNEEB AWAN\vehicle_investigation_system\backend\node_modules\mongoose\lib\cast.js:390:32)
    at Query.cast (C:\Users\MUNEEB AWAN\vehicle_investigation_system\backend\node_modules\mongoose\lib\query.js:4907:12)
    at Query._castConditions (C:\Users\MUNEEB AWAN\vehicle_investigation_system\backend\node_modules\mongoose\lib\query.js:2325:10)
    at model.Query._findOne (C:\Users\MUNEEB AWAN\vehicle_investigation_system\backend\node_modules\mongoose\lib\query.js:2648:8)
    at model.Query.exec (C:\Users\MUNEEB AWAN\vehicle_investigation_system\backend\node_modules\mongoose\lib\query.js:4456:80)
    at process.processTicksAndRejections (node:internal/process/task_queues:105:5)
    at async getUserById (C:\Users\MUNEEB AWAN\vehicle_investigation_system\backend\controllers\userController.js:316:18)
2025-04-16 20:14:04 error: Server Error: Cast to ObjectId failed for value "officers" (type string) at path "_id" for model "User"
CastError: Cast to ObjectId failed for value "officers" (type string) at path "_id" for model "User"
    at SchemaObjectId.cast (C:\Users\MUNEEB AWAN\vehicle_investigation_system\backend\node_modules\mongoose\lib\schema\objectId.js:251:11)
    at SchemaType.applySetters (C:\Users\MUNEEB AWAN\vehicle_investigation_system\backend\node_modules\mongoose\lib\schemaType.js:1255:12)
    at SchemaType.castForQuery (C:\Users\MUNEEB AWAN\vehicle_investigation_system\backend\node_modules\mongoose\lib\schemaType.js:1673:17)
    at cast (C:\Users\MUNEEB AWAN\vehicle_investigation_system\backend\node_modules\mongoose\lib\cast.js:390:32)
    at Query.cast (C:\Users\MUNEEB AWAN\vehicle_investigation_system\backend\node_modules\mongoose\lib\query.js:4907:12)
    at Query._castConditions (C:\Users\MUNEEB AWAN\vehicle_investigation_system\backend\node_modules\mongoose\lib\query.js:2325:10)
    at model.Query._findOne (C:\Users\MUNEEB AWAN\vehicle_investigation_system\backend\node_modules\mongoose\lib\query.js:2648:8)
    at model.Query.exec (C:\Users\MUNEEB AWAN\vehicle_investigation_system\backend\node_modules\mongoose\lib\query.js:4456:80)
    at process.processTicksAndRejections (node:internal/process/task_queues:105:5)
    at async getUserById (C:\Users\MUNEEB AWAN\vehicle_investigation_system\backend\controllers\userController.js:316:18)
2025-04-16 20:14:06 error: Server Error: Cast to ObjectId failed for value "officers" (type string) at path "_id" for model "User"
CastError: Cast to ObjectId failed for value "officers" (type string) at path "_id" for model "User"
    at SchemaObjectId.cast (C:\Users\MUNEEB AWAN\vehicle_investigation_system\backend\node_modules\mongoose\lib\schema\objectId.js:251:11)
    at SchemaType.applySetters (C:\Users\MUNEEB AWAN\vehicle_investigation_system\backend\node_modules\mongoose\lib\schemaType.js:1255:12)
    at SchemaType.castForQuery (C:\Users\MUNEEB AWAN\vehicle_investigation_system\backend\node_modules\mongoose\lib\schemaType.js:1673:17)
    at cast (C:\Users\MUNEEB AWAN\vehicle_investigation_system\backend\node_modules\mongoose\lib\cast.js:390:32)
    at Query.cast (C:\Users\MUNEEB AWAN\vehicle_investigation_system\backend\node_modules\mongoose\lib\query.js:4907:12)
    at Query._castConditions (C:\Users\MUNEEB AWAN\vehicle_investigation_system\backend\node_modules\mongoose\lib\query.js:2325:10)
    at model.Query._findOne (C:\Users\MUNEEB AWAN\vehicle_investigation_system\backend\node_modules\mongoose\lib\query.js:2648:8)
    at model.Query.exec (C:\Users\MUNEEB AWAN\vehicle_investigation_system\backend\node_modules\mongoose\lib\query.js:4456:80)
    at process.processTicksAndRejections (node:internal/process/task_queues:105:5)
    at async getUserById (C:\Users\MUNEEB AWAN\vehicle_investigation_system\backend\controllers\userController.js:316:18)
2025-04-16 20:14:06 error: Server Error: Cast to ObjectId failed for value "officers" (type string) at path "_id" for model "User"
CastError: Cast to ObjectId failed for value "officers" (type string) at path "_id" for model "User"
    at SchemaObjectId.cast (C:\Users\MUNEEB AWAN\vehicle_investigation_system\backend\node_modules\mongoose\lib\schema\objectId.js:251:11)
    at SchemaType.applySetters (C:\Users\MUNEEB AWAN\vehicle_investigation_system\backend\node_modules\mongoose\lib\schemaType.js:1255:12)
    at SchemaType.castForQuery (C:\Users\MUNEEB AWAN\vehicle_investigation_system\backend\node_modules\mongoose\lib\schemaType.js:1673:17)
    at cast (C:\Users\MUNEEB AWAN\vehicle_investigation_system\backend\node_modules\mongoose\lib\cast.js:390:32)
    at Query.cast (C:\Users\MUNEEB AWAN\vehicle_investigation_system\backend\node_modules\mongoose\lib\query.js:4907:12)
    at Query._castConditions (C:\Users\MUNEEB AWAN\vehicle_investigation_system\backend\node_modules\mongoose\lib\query.js:2325:10)
    at model.Query._findOne (C:\Users\MUNEEB AWAN\vehicle_investigation_system\backend\node_modules\mongoose\lib\query.js:2648:8)
    at model.Query.exec (C:\Users\MUNEEB AWAN\vehicle_investigation_system\backend\node_modules\mongoose\lib\query.js:4456:80)
    at process.processTicksAndRejections (node:internal/process/task_queues:105:5)
    at async getUserById (C:\Users\MUNEEB AWAN\vehicle_investigation_system\backend\controllers\userController.js:316:18)
2025-04-16 20:15:39 error: Server Error: Cast to ObjectId failed for value "officers" (type string) at path "_id" for model "User"
CastError: Cast to ObjectId failed for value "officers" (type string) at path "_id" for model "User"
    at SchemaObjectId.cast (C:\Users\MUNEEB AWAN\vehicle_investigation_system\backend\node_modules\mongoose\lib\schema\objectId.js:251:11)
    at SchemaType.applySetters (C:\Users\MUNEEB AWAN\vehicle_investigation_system\backend\node_modules\mongoose\lib\schemaType.js:1255:12)
    at SchemaType.castForQuery (C:\Users\MUNEEB AWAN\vehicle_investigation_system\backend\node_modules\mongoose\lib\schemaType.js:1673:17)
    at cast (C:\Users\MUNEEB AWAN\vehicle_investigation_system\backend\node_modules\mongoose\lib\cast.js:390:32)
    at Query.cast (C:\Users\MUNEEB AWAN\vehicle_investigation_system\backend\node_modules\mongoose\lib\query.js:4907:12)
    at Query._castConditions (C:\Users\MUNEEB AWAN\vehicle_investigation_system\backend\node_modules\mongoose\lib\query.js:2325:10)
    at model.Query._findOne (C:\Users\MUNEEB AWAN\vehicle_investigation_system\backend\node_modules\mongoose\lib\query.js:2648:8)
    at model.Query.exec (C:\Users\MUNEEB AWAN\vehicle_investigation_system\backend\node_modules\mongoose\lib\query.js:4456:80)
    at process.processTicksAndRejections (node:internal/process/task_queues:105:5)
    at async getUserById (C:\Users\MUNEEB AWAN\vehicle_investigation_system\backend\controllers\userController.js:316:18)
2025-04-16 20:15:42 error: Server Error: Cast to ObjectId failed for value "officers" (type string) at path "_id" for model "User"
CastError: Cast to ObjectId failed for value "officers" (type string) at path "_id" for model "User"
    at SchemaObjectId.cast (C:\Users\MUNEEB AWAN\vehicle_investigation_system\backend\node_modules\mongoose\lib\schema\objectId.js:251:11)
    at SchemaType.applySetters (C:\Users\MUNEEB AWAN\vehicle_investigation_system\backend\node_modules\mongoose\lib\schemaType.js:1255:12)
    at SchemaType.castForQuery (C:\Users\MUNEEB AWAN\vehicle_investigation_system\backend\node_modules\mongoose\lib\schemaType.js:1673:17)
    at cast (C:\Users\MUNEEB AWAN\vehicle_investigation_system\backend\node_modules\mongoose\lib\cast.js:390:32)
    at Query.cast (C:\Users\MUNEEB AWAN\vehicle_investigation_system\backend\node_modules\mongoose\lib\query.js:4907:12)
    at Query._castConditions (C:\Users\MUNEEB AWAN\vehicle_investigation_system\backend\node_modules\mongoose\lib\query.js:2325:10)
    at model.Query._findOne (C:\Users\MUNEEB AWAN\vehicle_investigation_system\backend\node_modules\mongoose\lib\query.js:2648:8)
    at model.Query.exec (C:\Users\MUNEEB AWAN\vehicle_investigation_system\backend\node_modules\mongoose\lib\query.js:4456:80)
    at process.processTicksAndRejections (node:internal/process/task_queues:105:5)
    at async getUserById (C:\Users\MUNEEB AWAN\vehicle_investigation_system\backend\controllers\userController.js:316:18)
2025-04-16 20:15:42 error: Server Error: Cast to ObjectId failed for value "officers" (type string) at path "_id" for model "User"
CastError: Cast to ObjectId failed for value "officers" (type string) at path "_id" for model "User"
    at SchemaObjectId.cast (C:\Users\MUNEEB AWAN\vehicle_investigation_system\backend\node_modules\mongoose\lib\schema\objectId.js:251:11)
    at SchemaType.applySetters (C:\Users\MUNEEB AWAN\vehicle_investigation_system\backend\node_modules\mongoose\lib\schemaType.js:1255:12)
    at SchemaType.castForQuery (C:\Users\MUNEEB AWAN\vehicle_investigation_system\backend\node_modules\mongoose\lib\schemaType.js:1673:17)
    at cast (C:\Users\MUNEEB AWAN\vehicle_investigation_system\backend\node_modules\mongoose\lib\cast.js:390:32)
    at Query.cast (C:\Users\MUNEEB AWAN\vehicle_investigation_system\backend\node_modules\mongoose\lib\query.js:4907:12)
    at Query._castConditions (C:\Users\MUNEEB AWAN\vehicle_investigation_system\backend\node_modules\mongoose\lib\query.js:2325:10)
    at model.Query._findOne (C:\Users\MUNEEB AWAN\vehicle_investigation_system\backend\node_modules\mongoose\lib\query.js:2648:8)
    at model.Query.exec (C:\Users\MUNEEB AWAN\vehicle_investigation_system\backend\node_modules\mongoose\lib\query.js:4456:80)
    at process.processTicksAndRejections (node:internal/process/task_queues:105:5)
    at async getUserById (C:\Users\MUNEEB AWAN\vehicle_investigation_system\backend\controllers\userController.js:316:18)
2025-04-16 20:16:07 error: Server Error: Cast to ObjectId failed for value "officers" (type string) at path "_id" for model "User"
CastError: Cast to ObjectId failed for value "officers" (type string) at path "_id" for model "User"
    at SchemaObjectId.cast (C:\Users\MUNEEB AWAN\vehicle_investigation_system\backend\node_modules\mongoose\lib\schema\objectId.js:251:11)
    at SchemaType.applySetters (C:\Users\MUNEEB AWAN\vehicle_investigation_system\backend\node_modules\mongoose\lib\schemaType.js:1255:12)
    at SchemaType.castForQuery (C:\Users\MUNEEB AWAN\vehicle_investigation_system\backend\node_modules\mongoose\lib\schemaType.js:1673:17)
    at cast (C:\Users\MUNEEB AWAN\vehicle_investigation_system\backend\node_modules\mongoose\lib\cast.js:390:32)
    at Query.cast (C:\Users\MUNEEB AWAN\vehicle_investigation_system\backend\node_modules\mongoose\lib\query.js:4907:12)
    at Query._castConditions (C:\Users\MUNEEB AWAN\vehicle_investigation_system\backend\node_modules\mongoose\lib\query.js:2325:10)
    at model.Query._findOne (C:\Users\MUNEEB AWAN\vehicle_investigation_system\backend\node_modules\mongoose\lib\query.js:2648:8)
    at model.Query.exec (C:\Users\MUNEEB AWAN\vehicle_investigation_system\backend\node_modules\mongoose\lib\query.js:4456:80)
    at process.processTicksAndRejections (node:internal/process/task_queues:105:5)
    at async getUserById (C:\Users\MUNEEB AWAN\vehicle_investigation_system\backend\controllers\userController.js:316:18)
2025-04-16 20:28:39 error: Authentication error: getaddrinfo ENOTFOUND ac-crgpbhf-shard-00-00.rdlhh1c.mongodb.net
2025-04-16 20:28:39 error: Authentication error: getaddrinfo ENOTFOUND ac-crgpbhf-shard-00-00.rdlhh1c.mongodb.net
2025-04-16 22:39:40 error: Error updating incident: Validation failed: status: `Resolved` is not a valid enum value for path `status`.
2025-04-16 22:39:47 error: Error updating incident: Validation failed: status: `Resolved` is not a valid enum value for path `status`.
2025-04-16 22:39:57 error: Error updating incident: Validation failed: status: `Resolved` is not a valid enum value for path `status`.
2025-04-16 22:41:09 error: Error updating incident: Validation failed: status: `Resolved` is not a valid enum value for path `status`.
2025-04-16 22:47:13 error: Error updating incident: Validation failed: status: `Resolved` is not a valid enum value for path `status`.
2025-04-16 22:47:21 error: Error updating incident: Validation failed: status: `Resolved` is not a valid enum value for path `status`.
2025-04-16 22:47:25 error: Error updating incident: Validation failed: status: `Resolved` is not a valid enum value for path `status`.
2025-04-17 07:34:17 error: Authentication error: getaddrinfo ENOTFOUND ac-crgpbhf-shard-00-00.rdlhh1c.mongodb.net
2025-04-17 14:24:57 error: Error getting incident: Cast to ObjectId failed for value "new" (type string) at path "_id" for model "Incident"
2025-04-17 14:24:57 error: Error getting incident: Cast to ObjectId failed for value "new" (type string) at path "_id" for model "Incident"
2025-04-17 14:27:21 error: Error creating incident: Incident validation failed: location.address: Cast to Object failed for value "National Highway 24" (type string) at path "location.address", type: Incident type is required, time: Incident time is required, incidentNumber: Path `incidentNumber` is required., status: `Open` is not a valid enum value for path `status`.
2025-04-17 14:35:37 error: Error creating incident: Incident validation failed: incidentNumber: Path `incidentNumber` is required.
2025-04-17 14:47:22 error: Error creating incident: Incident validation failed: incidentNumber: Path `incidentNumber` is required.
2025-04-17 14:52:14 error: Error creating incident: Incident validation failed: incidentNumber: Path `incidentNumber` is required.
2025-04-17 14:52:59 error: Error creating incident: Incident validation failed: incidentNumber: Path `incidentNumber` is required.
2025-04-17 14:58:06 error: Authentication error: read ECONNRESET
2025-04-17 14:58:18 error: Authentication error: read ECONNRESET
2025-04-17 14:58:18 error: Authentication error: read ECONNRESET
2025-04-17 21:33:16 error: Authentication error: getaddrinfo ENOTFOUND ac-crgpbhf-shard-00-00.rdlhh1c.mongodb.net
2025-04-17 21:33:16 error: Authentication error: getaddrinfo ENOTFOUND ac-crgpbhf-shard-00-00.rdlhh1c.mongodb.net
2025-04-17 21:33:40 error: Authentication error: getaddrinfo ENOTFOUND ac-crgpbhf-shard-00-00.rdlhh1c.mongodb.net
2025-04-17 21:33:40 error: Authentication error: getaddrinfo ENOTFOUND ac-crgpbhf-shard-00-00.rdlhh1c.mongodb.net
2025-04-17 23:37:40 error: Authentication error: getaddrinfo ENOTFOUND ac-crgpbhf-shard-00-00.rdlhh1c.mongodb.net
2025-04-17 23:37:40 error: Authentication error: getaddrinfo ENOTFOUND ac-crgpbhf-shard-00-00.rdlhh1c.mongodb.net
2025-04-19 15:50:19 error: Error assigning incident: Cannot read properties of undefined (reading 'push')
2025-04-19 15:52:48 error: Error assigning incident: Cannot read properties of undefined (reading 'push')
2025-04-19 15:53:01 error: Error assigning incident: Cannot read properties of undefined (reading 'push')
2025-04-19 15:58:21 error: Error getting incident: Cannot populate path `vehicle` because it is not in your schema. Set the `strictPopulate` option to false to override.
2025-04-19 15:58:21 error: Error getting incident: Cannot populate path `vehicle` because it is not in your schema. Set the `strictPopulate` option to false to override.
2025-04-19 15:58:31 error: Error getting incidents: Cannot populate path `vehicle` because it is not in your schema. Set the `strictPopulate` option to false to override.
2025-04-19 15:58:31 error: Error getting incidents: Cannot populate path `vehicle` because it is not in your schema. Set the `strictPopulate` option to false to override.
2025-04-19 15:58:35 error: Error getting incidents: Cannot populate path `vehicle` because it is not in your schema. Set the `strictPopulate` option to false to override.
2025-04-19 15:58:35 error: Error getting incidents: Cannot populate path `vehicle` because it is not in your schema. Set the `strictPopulate` option to false to override.
2025-04-19 15:58:47 error: Error getting incidents: Cannot populate path `vehicle` because it is not in your schema. Set the `strictPopulate` option to false to override.
2025-04-19 15:58:47 error: Error getting incidents: Cannot populate path `vehicle` because it is not in your schema. Set the `strictPopulate` option to false to override.
2025-04-19 15:58:54 error: Error getting incidents: Cannot populate path `vehicle` because it is not in your schema. Set the `strictPopulate` option to false to override.
2025-04-19 15:58:54 error: Error getting incidents: Cannot populate path `vehicle` because it is not in your schema. Set the `strictPopulate` option to false to override.
2025-04-19 15:59:30 error: Error getting incidents: Cannot populate path `vehicle` because it is not in your schema. Set the `strictPopulate` option to false to override.
2025-04-19 15:59:30 error: Error getting incidents: Cannot populate path `vehicle` because it is not in your schema. Set the `strictPopulate` option to false to override.
2025-04-19 16:00:18 error: Error getting incidents: Cannot populate path `vehicle` because it is not in your schema. Set the `strictPopulate` option to false to override.
2025-04-19 16:00:18 error: Error getting incidents: Cannot populate path `vehicle` because it is not in your schema. Set the `strictPopulate` option to false to override.
2025-04-19 16:00:35 error: Authentication error: read ECONNRESET
2025-04-19 16:00:35 error: Authentication error: read ECONNRESET
2025-04-19 16:00:49 error: Authentication error: read ECONNRESET
2025-04-19 16:00:49 error: Authentication error: read ECONNRESET
2025-04-19 18:42:17 error: Error getting incidents: Cannot populate path `vehicle` because it is not in your schema. Set the `strictPopulate` option to false to override.
2025-04-19 18:42:17 error: Error getting incidents: Cannot populate path `vehicle` because it is not in your schema. Set the `strictPopulate` option to false to override.
2025-04-19 18:42:42 error: Error getting incidents: Cannot populate path `vehicle` because it is not in your schema. Set the `strictPopulate` option to false to override.
2025-04-19 18:42:42 error: Error getting incidents: Cannot populate path `vehicle` because it is not in your schema. Set the `strictPopulate` option to false to override.
2025-04-19 18:42:47 error: Error getting incidents: Cannot populate path `vehicle` because it is not in your schema. Set the `strictPopulate` option to false to override.
2025-04-19 18:42:47 error: Error getting incidents: Cannot populate path `vehicle` because it is not in your schema. Set the `strictPopulate` option to false to override.
2025-04-19 18:43:03 error: Error getting incidents: Cannot populate path `vehicle` because it is not in your schema. Set the `strictPopulate` option to false to override.
2025-04-19 18:43:03 error: Error getting incidents: Cannot populate path `vehicle` because it is not in your schema. Set the `strictPopulate` option to false to override.
2025-04-19 18:43:10 error: Error getting incidents: Cannot populate path `vehicle` because it is not in your schema. Set the `strictPopulate` option to false to override.
2025-04-19 18:43:10 error: Error getting incidents: Cannot populate path `vehicle` because it is not in your schema. Set the `strictPopulate` option to false to override.
2025-04-19 18:44:52 error: Error getting incidents: Cannot populate path `vehicle` because it is not in your schema. Set the `strictPopulate` option to false to override.
2025-04-19 18:44:52 error: Error getting incidents: Cannot populate path `vehicle` because it is not in your schema. Set the `strictPopulate` option to false to override.
2025-04-19 19:13:29 error: Error assigning incident: Incident validation failed: type: Incident type is required, time: Incident time is required, incidentNumber: Path `incidentNumber` is required.
2025-04-19 19:13:40 error: Error assigning incident: Incident validation failed: type: Incident type is required, time: Incident time is required, incidentNumber: Path `incidentNumber` is required.
2025-04-19 19:23:10 error: Error submitting investigation report: Incident validation failed: type: Incident type is required, time: Incident time is required, incidentNumber: Path `incidentNumber` is required.
2025-04-19 19:23:26 error: Error submitting investigation report: Incident validation failed: type: Incident type is required, time: Incident time is required, incidentNumber: Path `incidentNumber` is required.
2025-04-19 19:25:50 error: Error submitting investigation report: Incident validation failed: type: Incident type is required, time: Incident time is required, incidentNumber: Path `incidentNumber` is required.
2025-04-19 19:27:09 error: Error submitting investigation report: Incident validation failed: type: Incident type is required, time: Incident time is required, incidentNumber: Path `incidentNumber` is required.
2025-04-19 19:28:01 error: Error submitting investigation report: Incident validation failed: type: Incident type is required, time: Incident time is required, incidentNumber: Path `incidentNumber` is required.
2025-04-19 19:31:06 error: Error submitting investigation report: Incident validation failed: type: Incident type is required, time: Incident time is required, incidentNumber: Path `incidentNumber` is required.
2025-04-19 19:35:43 error: Error creating admin notifications: Class constructor ObjectId cannot be invoked without 'new'
2025-04-19 19:38:27 error: Error updating incident: Validation failed: status: `Closed` is not a valid enum value for path `status`.
2025-04-19 19:38:32 error: Error updating incident: Validation failed: status: `Closed` is not a valid enum value for path `status`.
2025-04-19 20:27:43 error: Authentication error: getaddrinfo ENOTFOUND ac-crgpbhf-shard-00-00.rdlhh1c.mongodb.net
2025-04-19 20:27:43 error: Authentication error: getaddrinfo ENOTFOUND ac-crgpbhf-shard-00-00.rdlhh1c.mongodb.net
2025-04-20 17:58:47 error: Authentication error: read ECONNRESET
2025-04-20 17:58:59 error: Authentication error: getaddrinfo ENOTFOUND ac-crgpbhf-shard-00-00.rdlhh1c.mongodb.net
2025-04-20 17:58:59 error: Authentication error: getaddrinfo ENOTFOUND ac-crgpbhf-shard-00-00.rdlhh1c.mongodb.net
2025-04-20 21:50:16 error: Error creating audit log: Audit validation failed: resourceId: Cast to ObjectId failed for value "vehicle_documents/Invoice_1745166011570" (type string) at path "resourceId" because of "BSONError"
2025-04-20 21:57:44 error: Error creating audit log: Audit validation failed: resourceId: Cast to ObjectId failed for value "Invoice_1744654562538" (type string) at path "resourceId" because of "BSONError"
2025-04-20 21:58:32 error: Error creating audit log: Audit validation failed: resourceId: Cast to ObjectId failed for value "Invoice_1745166011570" (type string) at path "resourceId" because of "BSONError"
2025-04-20 22:09:40 error: Authentication error: read ECONNRESET
2025-04-20 22:09:40 error: Authentication error: read ECONNRESET
2025-04-20 22:09:41 error: Authentication error: read ECONNRESET
2025-04-20 22:12:42 error: Error creating audit log: Audit validation failed: resourceId: Cast to ObjectId failed for value "vehicle_documents/Invoice_1745166011570" (type string) at path "resourceId" because of "BSONError"
2025-04-20 23:52:14 error: Error creating audit log: Audit validation failed: resourceId: Cast to ObjectId failed for value "vehicle_documents/Other_1744654931773" (type string) at path "resourceId" because of "BSONError"
2025-04-21 06:45:46 error: Error creating audit log: Audit validation failed: resourceId: Cast to ObjectId failed for value "vehicle_documents/Invoice_1745198142688" (type string) at path "resourceId" because of "BSONError"
2025-04-21 16:12:31 error: Error creating audit log: Audit validation failed: resourceType: `message` is not a valid enum value for path `resourceType`.
2025-04-21 16:12:56 error: Error creating audit log: Audit validation failed: resourceType: `message` is not a valid enum value for path `resourceType`.
2025-04-21 16:13:30 error: Error creating audit log: Audit validation failed: resourceType: `message` is not a valid enum value for path `resourceType`.
2025-04-23 12:35:54 error: Error getting chat by ID: No matching document found for id "67fe23900c65d2523e45ec1b" version 5 modifiedPaths "messages, messages.2, messages.2.readBy, messages.3, messages.3.readBy"
2025-04-23 12:55:19 error: Error creating audit log: Audit validation failed: resourceType: `message` is not a valid enum value for path `resourceType`.
2025-04-24 16:54:34 error: Error creating audit log: Audit validation failed: resourceId: Cast to ObjectId failed for value "vehicle_documents/Report_1745493867939" (type string) at path "resourceId" because of "BSONError"
2025-04-24 17:05:48 error: Error creating audit log: Audit validation failed: resourceType: `message` is not a valid enum value for path `resourceType`.
2025-04-24 19:41:58 error: Authentication error: read ECONNRESET
2025-04-24 19:41:58 error: Authentication error: read ECONNRESET
2025-04-25 18:35:38 error: Error creating incident: Incident validation failed: location.address: Cast to Object failed for value "445-highway, chandigarh" (type string) at path "location.address", status: `Open` is not a valid enum value for path `status`.
2025-04-25 18:37:34 error: Error creating incident: Incident validation failed: location.address: Cast to Object failed for value "445 highway, chandigarh" (type string) at path "location.address", status: `In Progress` is not a valid enum value for path `status`.
2025-04-25 18:37:51 error: Error creating incident: Incident validation failed: location.address: Cast to Object failed for value " highway, chandigarh" (type string) at path "location.address", status: `In Progress` is not a valid enum value for path `status`.
2025-04-25 18:40:01 error: Error creating incident: Incident validation failed: status: `Open` is not a valid enum value for path `status`.
2025-04-25 18:46:41 error: Error creating audit log: Audit validation failed: resourceId: Cast to ObjectId failed for value "vehicle_documents/Invoice_1745586994127" (type string) at path "resourceId" because of "BSONError"
2025-04-25 19:46:34 error: Authentication error: read ECONNRESET
2025-04-26 00:21:51 error: Authentication error: getaddrinfo ENOTFOUND ac-crgpbhf-shard-00-00.rdlhh1c.mongodb.net
2025-04-26 00:21:51 error: Authentication error: getaddrinfo ENOTFOUND ac-crgpbhf-shard-00-00.rdlhh1c.mongodb.net
2025-04-26 00:31:02 error: Error connecting to MongoDB: querySrv ECONNREFUSED _mongodb._tcp.cluster0.rdlhh1c.mongodb.net
2025-04-26 00:31:03 error: Cloudinary connection test failed: getaddrinfo ENOTFOUND api.cloudinary.com
2025-04-26 09:02:36 error: Error creating audit log: Audit validation failed: resourceType: `message` is not a valid enum value for path `resourceType`.
2025-04-26 09:17:17 error: Error creating audit log: Audit validation failed: resourceType: `message` is not a valid enum value for path `resourceType`.
2025-04-26 09:19:14 error: Error getting chat by ID: No matching document found for id "67fe23900c65d2523e45ec1b" version 9 modifiedPaths "messages, messages.5, messages.5.readBy"
2025-04-26 09:19:25 error: Error creating audit log: Audit validation failed: resourceType: `message` is not a valid enum value for path `resourceType`.
2025-04-26 16:22:18 error: Authentication error: getaddrinfo ENOTFOUND ac-crgpbhf-shard-00-00.rdlhh1c.mongodb.net
2025-04-26 16:22:26 error: Authentication error: getaddrinfo ENOTFOUND ac-crgpbhf-shard-00-00.rdlhh1c.mongodb.net
2025-04-26 16:23:46 error: Error connecting to MongoDB: querySrv ECONNREFUSED _mongodb._tcp.cluster0.rdlhh1c.mongodb.net
2025-04-26 16:23:47 error: Cloudinary connection test failed: getaddrinfo ENOTFOUND api.cloudinary.com
2025-04-26 16:48:06 error: Error creating audit log: Audit validation failed: resourceType: `message` is not a valid enum value for path `resourceType`.
2025-04-26 17:46:34 error: Error getting chat by ID: No matching document found for id "680c5d66ce03e0e0def187b9" version 2 modifiedPaths "messages, messages.1, messages.1.readBy"
2025-04-26 18:00:49 error: Error reviewing investigation report: Incident validation failed: vehicles.0.involvement: `primary` is not a valid enum value for path `involvement`.
2025-04-26 18:00:59 error: Error reviewing investigation report: Incident validation failed: vehicles.0.involvement: `primary` is not a valid enum value for path `involvement`.
2025-04-26 18:01:06 error: Error reviewing investigation report: Incident validation failed: vehicles.0.involvement: `primary` is not a valid enum value for path `involvement`.
2025-04-26 18:01:29 error: Authentication error: read ECONNRESET
2025-04-26 18:02:49 error: Error reviewing investigation report: Incident validation failed: vehicles.0.involvement: `primary` is not a valid enum value for path `involvement`.
2025-04-26 18:06:13 error: Error reviewing investigation report: Incident validation failed: vehicles.0.involvement: `primary` is not a valid enum value for path `involvement`.
2025-04-26 18:06:13 error: ValidationError: Incident validation failed: vehicles.0.involvement: `primary` is not a valid enum value for path `involvement`.
    at Document.invalidate (C:\Users\MUNEEB AWAN\vehicle_investigation_system\backend\node_modules\mongoose\lib\document.js:3351:32)
    at Subdocument.invalidate (C:\Users\MUNEEB AWAN\vehicle_investigation_system\backend\node_modules\mongoose\lib\types\subdocument.js:229:12)
    at C:\Users\MUNEEB AWAN\vehicle_investigation_system\backend\node_modules\mongoose\lib\document.js:3112:17
    at C:\Users\MUNEEB AWAN\vehicle_investigation_system\backend\node_modules\mongoose\lib\schemaType.js:1407:9
    at process.processTicksAndRejections (node:internal/process/task_queues:85:11)
2025-04-26 18:29:49 error: Error reviewing investigation report: Incident validation failed: vehicles.0.involvement: `primary` is not a valid enum value for path `involvement`.
2025-04-26 18:29:49 error: ValidationError: Incident validation failed: vehicles.0.involvement: `primary` is not a valid enum value for path `involvement`.
    at Document.invalidate (C:\Users\MUNEEB AWAN\vehicle_investigation_system\backend\node_modules\mongoose\lib\document.js:3351:32)
    at Subdocument.invalidate (C:\Users\MUNEEB AWAN\vehicle_investigation_system\backend\node_modules\mongoose\lib\types\subdocument.js:229:12)
    at C:\Users\MUNEEB AWAN\vehicle_investigation_system\backend\node_modules\mongoose\lib\document.js:3112:17
    at C:\Users\MUNEEB AWAN\vehicle_investigation_system\backend\node_modules\mongoose\lib\schemaType.js:1407:9
    at process.processTicksAndRejections (node:internal/process/task_queues:85:11)
2025-04-26 18:29:59 error: Error reviewing investigation report: Incident validation failed: vehicles.0.involvement: `primary` is not a valid enum value for path `involvement`.
2025-04-26 18:29:59 error: ValidationError: Incident validation failed: vehicles.0.involvement: `primary` is not a valid enum value for path `involvement`.
    at Document.invalidate (C:\Users\MUNEEB AWAN\vehicle_investigation_system\backend\node_modules\mongoose\lib\document.js:3351:32)
    at Subdocument.invalidate (C:\Users\MUNEEB AWAN\vehicle_investigation_system\backend\node_modules\mongoose\lib\types\subdocument.js:229:12)
    at C:\Users\MUNEEB AWAN\vehicle_investigation_system\backend\node_modules\mongoose\lib\document.js:3112:17
    at C:\Users\MUNEEB AWAN\vehicle_investigation_system\backend\node_modules\mongoose\lib\schemaType.js:1407:9
    at process.processTicksAndRejections (node:internal/process/task_queues:85:11)
2025-04-26 18:30:06 error: Error reviewing investigation report: Incident validation failed: vehicles.0.involvement: `primary` is not a valid enum value for path `involvement`.
2025-04-26 18:30:06 error: ValidationError: Incident validation failed: vehicles.0.involvement: `primary` is not a valid enum value for path `involvement`.
    at Document.invalidate (C:\Users\MUNEEB AWAN\vehicle_investigation_system\backend\node_modules\mongoose\lib\document.js:3351:32)
    at Subdocument.invalidate (C:\Users\MUNEEB AWAN\vehicle_investigation_system\backend\node_modules\mongoose\lib\types\subdocument.js:229:12)
    at C:\Users\MUNEEB AWAN\vehicle_investigation_system\backend\node_modules\mongoose\lib\document.js:3112:17
    at C:\Users\MUNEEB AWAN\vehicle_investigation_system\backend\node_modules\mongoose\lib\schemaType.js:1407:9
    at process.processTicksAndRejections (node:internal/process/task_queues:85:11)
2025-04-26 18:39:48 error: Error creating admin notifications: Class constructor ObjectId cannot be invoked without 'new'
2025-04-26 19:22:47 error: Authentication error: getaddrinfo ENOTFOUND ac-crgpbhf-shard-00-00.rdlhh1c.mongodb.net
2025-04-26 19:22:47 error: Authentication error: getaddrinfo ENOTFOUND ac-crgpbhf-shard-00-00.rdlhh1c.mongodb.net
2025-04-26 19:23:31 error: Authentication error: getaddrinfo ENOTFOUND ac-crgpbhf-shard-00-00.rdlhh1c.mongodb.net
2025-04-26 19:23:31 error: Authentication error: getaddrinfo ENOTFOUND ac-crgpbhf-shard-00-00.rdlhh1c.mongodb.net
2025-04-27 11:11:04 error: Error creating audit log: Audit validation failed: resourceType: `message` is not a valid enum value for path `resourceType`.
2025-04-27 20:00:16 error: Error creating admin notifications: Class constructor ObjectId cannot be invoked without 'new'
2025-05-03 19:53:47 error: Error connecting to MongoDB: querySrv ECONNREFUSED _mongodb._tcp.cluster0.rdlhh1c.mongodb.net
2025-05-03 19:53:47 error: Cloudinary connection test failed: getaddrinfo ENOTFOUND api.cloudinary.com
2025-05-03 19:59:40 error: Error creating admin notifications: Class constructor ObjectId cannot be invoked without 'new'
2025-05-03 20:03:45 error: Error creating admin notifications: Class constructor ObjectId cannot be invoked without 'new'
2025-05-03 20:20:33 error: Error creating admin notifications: Class constructor ObjectId cannot be invoked without 'new'
2025-05-04 18:21:33 error: Error initializing fraud detection model Cannot find any save handlers for URL 'file://C:\Users\MUNEEB AWAN\vehicle_investigation_system\backend\models\fraud_detection\model.json'
2025-05-04 18:21:33 error: Failed to initialize fraud detection model Failed to initialize fraud detection model: Cannot find any save handlers for URL 'file://C:\Users\MUNEEB AWAN\vehicle_investigation_system\backend\models\fraud_detection\model.json'
2025-05-04 18:22:24 error: Error initializing fraud detection model Cannot find any save handlers for URL 'file://C:\Users\MUNEEB AWAN\vehicle_investigation_system\backend\models\fraud_detection\model.json'
2025-05-04 18:22:24 error: Failed to initialize fraud detection model Failed to initialize fraud detection model: Cannot find any save handlers for URL 'file://C:\Users\MUNEEB AWAN\vehicle_investigation_system\backend\models\fraud_detection\model.json'
2025-05-04 18:22:57 error: Error initializing image analysis models fetch failed
2025-05-04 18:22:57 error: Failed to initialize image analysis models Failed to initialize image analysis models
2025-05-04 18:26:32 error: Error initializing fraud detection model Cannot find any save handlers for URL 'file://C:\Users\MUNEEB AWAN\vehicle_investigation_system\backend\models\fraud_detection\model.json'
2025-05-04 18:26:32 error: Failed to initialize fraud detection model Failed to initialize fraud detection model: Cannot find any save handlers for URL 'file://C:\Users\MUNEEB AWAN\vehicle_investigation_system\backend\models\fraud_detection\model.json'
2025-05-04 18:27:28 error: Error getting incident: Cast to ObjectId failed for value "new" (type string) at path "_id" for model "Incident"
2025-05-04 18:27:28 error: Error getting incident: Cast to ObjectId failed for value "new" (type string) at path "_id" for model "Incident"
2025-05-04 18:40:15 error: Error initializing fraud detection model Cannot find any save handlers for URL 'file://C:\Users\MUNEEB AWAN\vehicle_investigation_system\backend\models\fraud_detection\model.json'
2025-05-04 18:40:15 error: Failed to initialize fraud detection model Failed to initialize fraud detection model: Cannot find any save handlers for URL 'file://C:\Users\MUNEEB AWAN\vehicle_investigation_system\backend\models\fraud_detection\model.json'
2025-05-04 18:46:20 error: Error initializing fraud detection model Cannot find any save handlers for URL 'file://C:\Users\MUNEEB AWAN\vehicle_investigation_system\backend\models\fraud_detection\model.json'
2025-05-04 18:46:20 error: Failed to initialize fraud detection model Failed to initialize fraud detection model: Cannot find any save handlers for URL 'file://C:\Users\MUNEEB AWAN\vehicle_investigation_system\backend\models\fraud_detection\model.json'
2025-05-04 18:48:07 error: Error initializing fraud detection model Cannot find any save handlers for URL 'file://C:\Users\MUNEEB AWAN\vehicle_investigation_system\backend\models\fraud_detection\model.json'
2025-05-04 18:48:07 error: Failed to initialize fraud detection model Failed to initialize fraud detection model: Cannot find any save handlers for URL 'file://C:\Users\MUNEEB AWAN\vehicle_investigation_system\backend\models\fraud_detection\model.json'
2025-05-04 18:51:15 error: Error initializing fraud detection model Cannot find any save handlers for URL 'file://C:\Users\MUNEEB AWAN\vehicle_investigation_system\backend\models\fraud_detection\model.json'
2025-05-04 18:51:15 error: Failed to initialize fraud detection model Failed to initialize fraud detection model: Cannot find any save handlers for URL 'file://C:\Users\MUNEEB AWAN\vehicle_investigation_system\backend\models\fraud_detection\model.json'
2025-05-04 18:51:37 error: Error initializing fraud detection model Cannot find any save handlers for URL 'file://C:\Users\MUNEEB AWAN\vehicle_investigation_system\backend\models\fraud_detection\model.json'
2025-05-04 18:51:37 error: Failed to initialize fraud detection model Failed to initialize fraud detection model: Cannot find any save handlers for URL 'file://C:\Users\MUNEEB AWAN\vehicle_investigation_system\backend\models\fraud_detection\model.json'
2025-05-04 18:56:34 error: Error initializing fraud detection model Cannot find any save handlers for URL 'file://C:\Users\MUNEEB AWAN\vehicle_investigation_system\backend\models\fraud_detection\model.json'
2025-05-04 18:56:34 error: Failed to initialize fraud detection model Failed to initialize fraud detection model: Cannot find any save handlers for URL 'file://C:\Users\MUNEEB AWAN\vehicle_investigation_system\backend\models\fraud_detection\model.json'
2025-05-06 15:22:30 error: Error initializing fraud detection model Cannot find any save handlers for URL 'file://C:\Users\MUNEEB AWAN\vehicle_investigation_system\backend\models\fraud_detection\model.json'
2025-05-06 15:22:30 error: Failed to initialize fraud detection model Failed to initialize fraud detection model: Cannot find any save handlers for URL 'file://C:\Users\MUNEEB AWAN\vehicle_investigation_system\backend\models\fraud_detection\model.json'
2025-05-06 15:35:41 error: Error getting incident: Cast to ObjectId failed for value "new" (type string) at path "_id" for model "Incident"
2025-05-06 15:35:41 error: Error getting incident: Cast to ObjectId failed for value "new" (type string) at path "_id" for model "Incident"
2025-05-06 16:34:27 error: Error initializing fraud detection model Cannot find any save handlers for URL 'file://C:\Users\MUNEEB AWAN\vehicle_investigation_system\backend\models\fraud_detection\model.json'
2025-05-06 16:34:27 error: Failed to initialize fraud detection model Failed to initialize fraud detection model: Cannot find any save handlers for URL 'file://C:\Users\MUNEEB AWAN\vehicle_investigation_system\backend\models\fraud_detection\model.json'
2025-05-06 16:45:16 error: Error initializing fraud detection model Cannot find any save handlers for URL 'file://C:\Users\MUNEEB AWAN\vehicle_investigation_system\backend\models\fraud_detection\model.json'
2025-05-06 16:45:16 error: Failed to initialize fraud detection model Failed to initialize fraud detection model: Cannot find any save handlers for URL 'file://C:\Users\MUNEEB AWAN\vehicle_investigation_system\backend\models\fraud_detection\model.json'
2025-05-06 16:47:02 error: Error creating audit log: Audit validation failed: resourceType: `message` is not a valid enum value for path `resourceType`.
