2025-04-15 15:18:07 info: Cloudinary configured with cloud_name: dggbgybzb
2025-04-15 15:18:07 info: Server running in development mode on port 5000
2025-04-15 15:18:08 info: MongoDB Connected Successfully
2025-04-15 15:18:09 info: Cloudinary connection test successful:
2025-04-15 15:18:24 info: Cloudinary configured with cloud_name: dggbgybzb
2025-04-15 15:18:24 info: Server running in development mode on port 5000
2025-04-15 15:18:25 info: MongoDB Connected Successfully
2025-04-15 15:18:26 info: Cloudinary connection test successful:
2025-04-15 15:18:45 info: Cloudinary configured with cloud_name: dggbgybzb
2025-04-15 15:18:45 info: Server running in development mode on port 5000
2025-04-15 15:18:47 info: MongoDB Connected Successfully
2025-04-15 15:18:47 info: Cloudinary connection test successful:
2025-04-15 15:18:49 info: Cloudinary connection test successful
2025-04-15 15:19:00 info: Cloudinary configured with cloud_name: dggbgybzb
2025-04-15 15:19:00 info: Server running in development mode on port 5000
2025-04-15 15:19:01 info: MongoDB Connected: ac-crgpbhf-shard-00-00.rdlhh1c.mongodb.net
2025-04-15 15:19:01 info: MongoDB Connected Successfully
2025-04-15 15:19:02 info: Cloudinary connection test successful:
2025-04-15 15:19:03 info: Cloudinary connection test successful
2025-04-15 15:19:18 info: Server running in development mode on port 5000
2025-04-15 15:19:20 info: MongoDB Connected: ac-crgpbhf-shard-00-00.rdlhh1c.mongodb.net
2025-04-15 15:19:20 info: MongoDB Connected Successfully
2025-04-15 15:19:23 info: Cloudinary connection test successful
2025-04-15 15:20:18 info: Server running in development mode on port 5000
2025-04-15 15:20:19 info: MongoDB Connected: ac-crgpbhf-shard-00-00.rdlhh1c.mongodb.net
2025-04-15 15:20:19 info: MongoDB Connected Successfully
2025-04-15 15:20:25 info: Cloudinary connection test successful
2025-04-15 15:20:38 info: Server running in development mode on port 5000
2025-04-15 15:20:40 info: MongoDB Connected: ac-crgpbhf-shard-00-00.rdlhh1c.mongodb.net
2025-04-15 15:20:40 info: MongoDB Connected Successfully
2025-04-15 15:20:42 info: Cloudinary connection test successful
2025-04-15 15:25:37 info: Server running in development mode on port 5000
2025-04-15 15:25:39 info: MongoDB Connected: ac-crgpbhf-shard-00-00.rdlhh1c.mongodb.net
2025-04-15 15:25:39 info: MongoDB Connected Successfully
2025-04-15 15:25:41 info: Cloudinary connection test successful
2025-04-15 15:28:32 info: Server running in development mode on port 5000
2025-04-15 15:28:34 info: MongoDB Connected: ac-crgpbhf-shard-00-00.rdlhh1c.mongodb.net
2025-04-15 15:28:34 info: MongoDB Connected Successfully
2025-04-15 15:28:37 info: Cloudinary connection test successful
2025-04-15 15:28:52 info: Safety tip retrieved: Never drive under the influenc...
2025-04-15 15:28:52 info: Safety tip retrieved: Always wear your seatbelt, eve...
2025-04-15 15:28:52 info: Traffic alert retrieved: Traffic accident blocking righ...
2025-04-15 15:28:52 info: Traffic alert retrieved: Construction zone ahead. Expec...
2025-04-15 15:28:58 info: Safety tip retrieved: Never drive under the influenc...
2025-04-15 15:28:58 info: Traffic alert retrieved: Road closure due to fallen tre...
2025-04-15 15:29:02 info: Safety tip retrieved: Never drive under the influenc...
2025-04-15 15:29:03 info: Traffic alert retrieved: Flash flooding reported. Use c...
2025-04-15 15:29:08 info: Safety tip retrieved: Maintain a safe following dist...
2025-04-15 15:29:08 info: Traffic alert retrieved: Construction zone ahead. Expec...
2025-04-15 15:29:36 info: Server running in development mode on port 5000
2025-04-15 15:29:38 info: MongoDB Connected: ac-crgpbhf-shard-00-00.rdlhh1c.mongodb.net
2025-04-15 15:29:38 info: MongoDB Connected Successfully
2025-04-15 15:29:41 info: Cloudinary connection test successful
2025-04-15 15:30:02 info: Server running in development mode on port 5000
2025-04-15 15:30:04 info: MongoDB Connected: ac-crgpbhf-shard-00-00.rdlhh1c.mongodb.net
2025-04-15 15:30:04 info: MongoDB Connected Successfully
2025-04-15 15:30:06 info: Cloudinary connection test successful
2025-04-15 15:30:32 info: Server running in development mode on port 5000
2025-04-15 15:30:33 info: MongoDB Connected: ac-crgpbhf-shard-00-00.rdlhh1c.mongodb.net
2025-04-15 15:30:33 info: MongoDB Connected Successfully
2025-04-15 15:30:36 info: Cloudinary connection test successful
2025-04-15 15:30:47 info: Server running in development mode on port 5000
2025-04-15 15:30:49 info: MongoDB Connected: ac-crgpbhf-shard-00-00.rdlhh1c.mongodb.net
2025-04-15 15:30:49 info: MongoDB Connected Successfully
2025-04-15 15:30:51 info: Cloudinary connection test successful
2025-04-15 15:30:56 info: Safety tip retrieved: Avoid distracted driving - put...
2025-04-15 15:30:58 info: Traffic alert retrieved: Flash flooding reported. Use c...
2025-04-15 15:30:58 info: Safety tip retrieved: Adjust your speed according to...
2025-04-15 15:31:00 info: Traffic alert retrieved: Traffic accident blocking righ...
2025-04-15 15:31:02 info: Safety tip retrieved: Maintain a safe following dist...
2025-04-15 15:31:02 info: Traffic alert retrieved: Traffic accident blocking righ...
2025-04-15 15:31:07 info: Safety tip retrieved: Always wear your seatbelt, eve...
2025-04-15 15:31:08 info: Traffic alert retrieved: Heavy congestion reported duri...
2025-04-15 15:31:12 info: Safety tip retrieved: Always wear your seatbelt, eve...
2025-04-15 15:31:12 info: Traffic alert retrieved: Flash flooding reported. Use c...
2025-04-15 15:31:17 info: Safety tip retrieved: Always wear your seatbelt, eve...
2025-04-15 15:31:17 info: Traffic alert retrieved: Heavy congestion reported duri...
2025-04-15 15:31:22 info: Safety tip retrieved: Never drive under the influenc...
2025-04-15 15:31:22 info: Traffic alert retrieved: Road closure due to fallen tre...
2025-04-15 15:31:26 info: Server running in development mode on port 5000
2025-04-15 15:31:27 info: Safety tip retrieved: Never drive under the influenc...
2025-04-15 15:31:27 info: Traffic alert retrieved: Flash flooding reported. Use c...
2025-04-15 15:31:28 info: MongoDB Connected: ac-crgpbhf-shard-00-00.rdlhh1c.mongodb.net
2025-04-15 15:31:28 info: MongoDB Connected Successfully
2025-04-15 15:31:30 info: Cloudinary connection test successful
2025-04-15 15:31:32 info: Safety tip retrieved: Adjust your speed according to...
2025-04-15 15:31:32 info: Traffic alert retrieved: Heavy congestion reported duri...
2025-04-15 15:31:37 info: Safety tip retrieved: Avoid distracted driving - put...
2025-04-15 15:31:37 info: Traffic alert retrieved: Flash flooding reported. Use c...
2025-04-15 15:31:42 info: Safety tip retrieved: Maintain a safe following dist...
2025-04-15 15:31:42 info: Traffic alert retrieved: Construction zone ahead. Expec...
2025-04-15 15:31:47 info: Safety tip retrieved: Adjust your speed according to...
2025-04-15 15:31:47 info: Traffic alert retrieved: Construction zone ahead. Expec...
2025-04-15 15:31:52 info: Safety tip retrieved: Adjust your speed according to...
2025-04-15 15:31:52 info: Traffic alert retrieved: Construction zone ahead. Expec...
2025-04-15 15:31:57 info: Safety tip retrieved: Avoid distracted driving - put...
2025-04-15 15:31:57 info: Traffic alert retrieved: Traffic accident blocking righ...
2025-04-15 15:32:02 info: Safety tip retrieved: Maintain a safe following dist...
2025-04-15 15:32:02 info: Traffic alert retrieved: Road closure due to fallen tre...
2025-04-15 15:32:07 info: Safety tip retrieved: Avoid distracted driving - put...
2025-04-15 15:32:07 info: Traffic alert retrieved: Road closure due to fallen tre...
2025-04-15 15:32:12 info: Safety tip retrieved: Adjust your speed according to...
2025-04-15 15:32:12 info: Traffic alert retrieved: Heavy congestion reported duri...
2025-04-15 15:32:17 info: Safety tip retrieved: Always wear your seatbelt, eve...
2025-04-15 15:32:17 info: Traffic alert retrieved: Heavy congestion reported duri...
2025-04-15 15:32:23 info: Safety tip retrieved: Avoid distracted driving - put...
2025-04-15 15:32:24 info: Traffic alert retrieved: Traffic accident blocking righ...
2025-04-15 15:32:28 info: Safety tip retrieved: Never drive under the influenc...
2025-04-15 15:32:28 info: Traffic alert retrieved: Flash flooding reported. Use c...
2025-04-15 15:32:48 info: Safety tip retrieved: Adjust your speed according to...
2025-04-15 15:32:48 info: Traffic alert retrieved: Road closure due to fallen tre...
2025-04-15 15:32:52 info: Safety tip retrieved: Avoid distracted driving - put...
2025-04-15 15:32:52 info: Traffic alert retrieved: Flash flooding reported. Use c...
2025-04-15 15:32:57 info: Safety tip retrieved: Avoid distracted driving - put...
2025-04-15 15:32:57 info: Traffic alert retrieved: Road closure due to fallen tre...
2025-04-15 15:33:02 info: Safety tip retrieved: Adjust your speed according to...
2025-04-15 15:33:02 info: Traffic alert retrieved: Road closure due to fallen tre...
2025-04-15 15:33:07 info: Safety tip retrieved: Maintain a safe following dist...
2025-04-15 15:33:07 info: Traffic alert retrieved: Flash flooding reported. Use c...
2025-04-15 15:34:05 info: Safety tip retrieved: Avoid distracted driving - put...
2025-04-15 15:34:06 info: Traffic alert retrieved: Traffic accident blocking righ...
2025-04-15 15:34:07 info: Safety tip retrieved: Always wear your seatbelt, eve...
2025-04-15 15:34:07 info: Traffic alert retrieved: Traffic accident blocking righ...
2025-04-15 15:34:12 info: Safety tip retrieved: Maintain a safe following dist...
2025-04-15 15:34:12 info: Traffic alert retrieved: Construction zone ahead. Expec...
2025-04-15 15:34:17 info: Safety tip retrieved: Always wear your seatbelt, eve...
2025-04-15 15:34:17 info: Traffic alert retrieved: Traffic accident blocking righ...
2025-04-15 15:34:22 info: Safety tip retrieved: Maintain a safe following dist...
2025-04-15 15:34:22 info: Traffic alert retrieved: Road closure due to fallen tre...
2025-04-15 15:34:27 info: Safety tip retrieved: Always wear your seatbelt, eve...
2025-04-15 15:34:27 info: Traffic alert retrieved: Heavy congestion reported duri...
2025-04-15 15:34:32 info: Safety tip retrieved: Never drive under the influenc...
2025-04-15 15:34:32 info: Traffic alert retrieved: Flash flooding reported. Use c...
2025-04-15 15:34:37 info: Safety tip retrieved: Never drive under the influenc...
2025-04-15 15:34:37 info: Traffic alert retrieved: Flash flooding reported. Use c...
2025-04-15 15:34:42 info: Safety tip retrieved: Adjust your speed according to...
2025-04-15 15:34:42 info: Traffic alert retrieved: Traffic accident blocking righ...
2025-04-15 15:34:47 info: Safety tip retrieved: Adjust your speed according to...
2025-04-15 15:34:47 info: Traffic alert retrieved: Traffic accident blocking righ...
2025-04-15 15:34:52 info: Safety tip retrieved: Maintain a safe following dist...
2025-04-15 15:34:52 info: Traffic alert retrieved: Road closure due to fallen tre...
2025-04-15 15:34:57 info: Safety tip retrieved: Maintain a safe following dist...
2025-04-15 15:34:57 info: Traffic alert retrieved: Construction zone ahead. Expec...
2025-04-15 15:35:02 info: Safety tip retrieved: Maintain a safe following dist...
2025-04-15 15:35:02 info: Traffic alert retrieved: Road closure due to fallen tre...
2025-04-15 15:35:07 info: Safety tip retrieved: Maintain a safe following dist...
2025-04-15 15:35:07 info: Traffic alert retrieved: Heavy congestion reported duri...
2025-04-15 15:35:12 info: Safety tip retrieved: Maintain a safe following dist...
2025-04-15 15:35:12 info: Traffic alert retrieved: Construction zone ahead. Expec...
2025-04-15 15:35:17 info: Safety tip retrieved: Maintain a safe following dist...
2025-04-15 15:35:17 info: Traffic alert retrieved: Heavy congestion reported duri...
2025-04-15 15:35:22 info: Safety tip retrieved: Never drive under the influenc...
2025-04-15 15:40:12 info: Server running in development mode on port 5000
2025-04-15 15:40:13 info: MongoDB Connected: ac-crgpbhf-shard-00-00.rdlhh1c.mongodb.net
2025-04-15 15:40:13 info: MongoDB Connected Successfully
2025-04-15 15:40:16 info: Cloudinary connection test successful
2025-04-15 15:41:03 info: Safety tip retrieved: Always wear your seatbelt, eve...
2025-04-15 15:41:03 info: Safety tip retrieved: Avoid distracted driving - put...
2025-04-15 15:41:03 info: Traffic alert retrieved: Traffic accident blocking righ...
2025-04-15 15:41:03 info: Traffic alert retrieved: Flash flooding reported. Use c...
2025-04-15 15:41:08 info: Safety tip retrieved: Always wear your seatbelt, eve...
2025-04-15 15:41:08 info: Traffic alert retrieved: Flash flooding reported. Use c...
2025-04-15 15:41:13 info: Safety tip retrieved: Maintain a safe following dist...
2025-04-15 15:41:13 info: Traffic alert retrieved: Traffic accident blocking righ...
2025-04-15 15:41:18 info: Safety tip retrieved: Never drive under the influenc...
2025-04-15 15:41:18 info: Traffic alert retrieved: Construction zone ahead. Expec...
2025-04-15 15:41:23 info: Safety tip retrieved: Never drive under the influenc...
2025-04-15 15:41:23 info: Traffic alert retrieved: Traffic accident blocking righ...
2025-04-15 15:41:28 info: Safety tip retrieved: Avoid distracted driving - put...
2025-04-15 15:41:28 info: Traffic alert retrieved: Heavy congestion reported duri...
2025-04-15 15:41:33 info: Safety tip retrieved: Always wear your seatbelt, eve...
2025-04-15 15:41:33 info: Traffic alert retrieved: Road closure due to fallen tre...
2025-04-15 15:41:38 info: Safety tip retrieved: Never drive under the influenc...
2025-04-15 15:41:38 info: Traffic alert retrieved: Road closure due to fallen tre...
2025-04-15 15:41:43 info: Safety tip retrieved: Maintain a safe following dist...
2025-04-15 15:41:43 info: Traffic alert retrieved: Construction zone ahead. Expec...
2025-04-15 15:41:52 info: Safety tip retrieved: Always wear your seatbelt, eve...
2025-04-15 15:41:52 info: Safety tip retrieved: Adjust your speed according to...
2025-04-15 15:41:52 info: Traffic alert retrieved: Heavy congestion reported duri...
2025-04-15 15:41:52 info: Traffic alert retrieved: Construction zone ahead. Expec...
2025-04-15 15:42:02 info: Safety tip retrieved: Avoid distracted driving - put...
2025-04-15 15:42:02 info: Safety tip retrieved: Adjust your speed according to...
2025-04-15 15:42:02 info: Traffic alert retrieved: Traffic accident blocking righ...
2025-04-15 15:42:02 info: Traffic alert retrieved: Flash flooding reported. Use c...
2025-04-15 23:13:57 info: Server running in development mode on port 5000
2025-04-15 23:14:00 info: MongoDB Connected: ac-crgpbhf-shard-00-00.rdlhh1c.mongodb.net
2025-04-15 23:14:00 info: MongoDB Connected Successfully
2025-04-15 23:14:03 info: Cloudinary connection test successful
2025-04-15 23:15:12 error: Error creating audit log: Audit validation failed: resourceType: `message` is not a valid enum value for path `resourceType`.
2025-04-15 23:17:17 info: Safety tip retrieved: Adjust your speed according to...
2025-04-15 23:17:17 info: Safety tip retrieved: Maintain a safe following dist...
2025-04-15 23:17:18 info: Traffic alert retrieved: Traffic accident blocking righ...
2025-04-15 23:17:18 info: Traffic alert retrieved: Traffic accident blocking righ...
2025-04-15 23:17:36 info: Safety tip retrieved: Always wear your seatbelt, eve...
2025-04-15 23:17:36 info: Safety tip retrieved: Avoid distracted driving - put...
2025-04-15 23:17:36 info: Traffic alert retrieved: Flash flooding reported. Use c...
2025-04-15 23:17:36 info: Traffic alert retrieved: Heavy congestion reported duri...
2025-04-15 23:17:41 info: Safety tip retrieved: Never drive under the influenc...
2025-04-15 23:17:41 info: Traffic alert retrieved: Construction zone ahead. Expec...
2025-04-15 23:17:46 info: Safety tip retrieved: Never drive under the influenc...
2025-04-15 23:17:46 info: Traffic alert retrieved: Road closure due to fallen tre...
2025-04-15 23:17:51 info: Safety tip retrieved: Never drive under the influenc...
2025-04-15 23:17:51 info: Traffic alert retrieved: Heavy congestion reported duri...
2025-04-15 23:17:56 info: Safety tip retrieved: Adjust your speed according to...
2025-04-15 23:17:56 info: Traffic alert retrieved: Traffic accident blocking righ...
2025-04-15 23:18:01 info: Safety tip retrieved: Always wear your seatbelt, eve...
2025-04-15 23:18:01 info: Traffic alert retrieved: Traffic accident blocking righ...
2025-04-15 23:18:06 info: Safety tip retrieved: Always wear your seatbelt, eve...
2025-04-15 23:18:06 info: Traffic alert retrieved: Road closure due to fallen tre...
2025-04-15 23:18:11 info: Safety tip retrieved: Avoid distracted driving - put...
2025-04-15 23:18:11 info: Traffic alert retrieved: Road closure due to fallen tre...
2025-04-15 23:18:16 info: Safety tip retrieved: Never drive under the influenc...
2025-04-15 23:18:16 info: Traffic alert retrieved: Construction zone ahead. Expec...
2025-04-15 23:19:13 info: Server running in development mode on port 5000
2025-04-15 23:19:15 info: MongoDB Connected: ac-crgpbhf-shard-00-00.rdlhh1c.mongodb.net
2025-04-15 23:19:15 info: MongoDB Connected Successfully
2025-04-15 23:19:18 info: Cloudinary connection test successful
2025-04-15 23:19:56 info: Safety tip retrieved: Adjust your speed according to...
2025-04-15 23:19:56 info: Safety tip retrieved: Adjust your speed according to...
2025-04-15 23:19:57 info: Traffic alert retrieved: Traffic accident blocking righ...
2025-04-15 23:19:57 info: Traffic alert retrieved: Construction zone ahead. Expec...
